[10:58:17] [main/INFO] (FabricLoader/GameProvider) Loading Minecraft 1.21 with Fabric Loader 0.16.13
[10:58:18] [main/INFO] (FabricLoader) Loading 60 mods:
	- authme 8.0.0+1.21
	   \-- cloth-config 15.0.127
	        \-- cloth-basic-math 0.6.1
	- fabric-api 0.102.0+1.21
	- fabric-api-base 0.4.42+6573ed8cd1
	- fabric-api-lookup-api-v1 1.6.68+b5597344d1
	- fabric-biome-api-v1 13.0.29+5bd9f1bcd1
	- fabric-block-api-v1 1.0.22+0af3f5a7d1
	- fabric-block-view-api-v2 1.0.10+6573ed8cd1
	- fabric-blockrenderlayer-v1 1.1.52+0af3f5a7d1
	- fabric-client-tags-api-v1 1.1.15+6573ed8cd1
	- fabric-command-api-v1 1.2.49+f71b366fd1
	- fabric-command-api-v2 2.2.28+6ced4dd9d1
	- fabric-commands-v0 0.2.66+df3654b3d1
	- fabric-content-registries-v0 8.0.16+b5597344d1
	- fabric-convention-tags-v1 2.0.19+7f945d5bd1
	- fabric-convention-tags-v2 2.5.0+c5e2b5c6d1
	- fabric-crash-report-info-v1 0.2.29+0af3f5a7d1
	- fabric-data-attachment-api-v1 1.1.27+6a6dfa19d1
	- fabric-data-generation-api-v1 20.2.16+16c4ae25d1
	- fabric-dimensions-v1 4.0.0+6fc22b99d1
	- fabric-entity-events-v1 1.6.12+6fc22b99d1
	- fabric-events-interaction-v0 0.7.12+ba9dae06d1
	- fabric-game-rule-api-v1 1.0.53+6ced4dd9d1
	- fabric-gametest-api-v1 2.0.4+6fc22b99d1
	- fabric-item-api-v1 11.0.0+afdfc921d1
	- fabric-item-group-api-v1 4.1.4+78017270d1
	- fabric-key-binding-api-v1 1.0.47+0af3f5a7d1
	- fabric-keybindings-v0 0.2.45+df3654b3d1
	- fabric-lifecycle-events-v1 2.3.12+6c1df360d1
	- fabric-loot-api-v2 3.0.14+3f89f5a5d1
	- fabric-loot-api-v3 1.0.2+3f89f5a5d1
	- fabric-message-api-v1 6.0.13+6573ed8cd1
	- fabric-model-loading-api-v1 2.0.0+fe474d6bd1
	- fabric-networking-api-v1 4.2.2+60c3209bd1
	- fabric-object-builder-api-v1 15.2.0+a551f7a4d1
	- fabric-particles-v1 4.0.2+6573ed8cd1
	- fabric-recipe-api-v1 5.0.12+65089712d1
	- fabric-registry-sync-v0 5.1.2+60c3209bd1
	- fabric-renderer-api-v1 3.4.0+c705a49cd1
	- fabric-renderer-indigo 1.7.0+c705a49cd1
	- fabric-renderer-registries-v1 3.2.68+df3654b3d1
	- fabric-rendering-data-attachment-v1 0.3.48+73761d2ed1
	- fabric-rendering-fluids-v1 3.1.6+b5597344d1
	- fabric-rendering-v0 1.1.71+df3654b3d1
	- fabric-rendering-v1 5.0.5+df16efd0d1
	- fabric-resource-conditions-api-v1 4.3.0+8dc279b1d1
	- fabric-resource-loader-v0 1.3.0+56599129d1
	- fabric-screen-api-v1 2.0.24+b5597344d1
	- fabric-screen-handler-api-v1 1.3.86+b5597344d1
	- fabric-sound-api-v1 1.0.23+6573ed8cd1
	- fabric-transfer-api-v1 5.1.16+3dccd343d1
	- fabric-transitive-access-wideners-v1 6.1.0+176f9036d1
	- fabricloader 0.16.13
	- java 21
	- minecraft 1.21
	- mixinextras 0.4.1
	- modmenu 11.0.3
	   \-- placeholder-api 2.4.0-pre.2+1.21
	- wynn_ai 0.0.1
[10:58:24] [main/INFO] (FabricLoader/Mixin) SpongePowered MIXIN Subsystem Version=0.8.7 Source=file:/C:/Users/Esdeath/.gradle/caches/modules-2/files-2.1/net.fabricmc/sponge-mixin/0.15.4+mixin.0.8.7/6a12aacc794f1078458433116e9ed42c1cc98096/sponge-mixin-0.15.4+mixin.0.8.7.jar Service=Knot/Fabric Env=CLIENT
[10:58:24] [main/INFO] (FabricLoader/Mixin) Loaded Fabric development mappings for mixin remapper!
[10:58:24] [main/INFO] (FabricLoader/Mixin) Compatibility level set to JAVA_21
[10:58:27] [main/INFO] (FabricLoader/MixinExtras|Service) Initializing MixinExtras via com.llamalad7.mixinextras.service.MixinExtrasServiceImpl(version=0.4.1).
[10:58:30] [Datafixer Bootstrap/INFO] (Minecraft) 226 Datafixer optimizations took 1464 milliseconds
[10:58:38] [Render thread/INFO] (Minecraft) Environment: Environment[sessionHost=https://sessionserver.mojang.com, servicesHost=https://api.minecraftservices.com, name=PROD]
[10:58:38] [Render thread/INFO] (Minecraft) Setting user: Player188
[10:58:39] [Render thread/INFO] (Mod Menu/Update Checker) Checking mod updates...
[10:58:39] [Render thread/INFO] (Indigo) [Indigo] Registering Indigo renderer!
[10:58:40] [Render thread/INFO] (Minecraft) Backend library: LWJGL version 3.3.3-snapshot
[10:58:42] [Render thread/INFO] (Minecraft) Reloading ResourceManager: vanilla, fabric, authme, cloth-config, fabric-api, fabric-api-base, fabric-api-lookup-api-v1, fabric-biome-api-v1, fabric-block-api-v1, fabric-block-view-api-v2, fabric-blockrenderlayer-v1, fabric-client-tags-api-v1, fabric-command-api-v1, fabric-command-api-v2, fabric-commands-v0, fabric-content-registries-v0, fabric-convention-tags-v1, fabric-convention-tags-v2, fabric-crash-report-info-v1, fabric-data-attachment-api-v1, fabric-data-generation-api-v1, fabric-dimensions-v1, fabric-entity-events-v1, fabric-events-interaction-v0, fabric-game-rule-api-v1, fabric-gametest-api-v1, fabric-item-api-v1, fabric-item-group-api-v1, fabric-key-binding-api-v1, fabric-keybindings-v0, fabric-lifecycle-events-v1, fabric-loot-api-v2, fabric-loot-api-v3, fabric-message-api-v1, fabric-model-loading-api-v1, fabric-networking-api-v1, fabric-object-builder-api-v1, fabric-particles-v1, fabric-recipe-api-v1, fabric-registry-sync-v0, fabric-renderer-api-v1, fabric-renderer-indigo, fabric-renderer-registries-v1, fabric-rendering-data-attachment-v1, fabric-rendering-fluids-v1, fabric-rendering-v0, fabric-rendering-v1, fabric-resource-conditions-api-v1, fabric-resource-loader-v0, fabric-screen-api-v1, fabric-screen-handler-api-v1, fabric-sound-api-v1, fabric-transfer-api-v1, fabric-transitive-access-wideners-v1, fabricloader, modmenu
[10:58:42] [Worker-Main-4/INFO] (Minecraft) Found unifont_all_no_pua-15.1.05.hex, loading
[10:58:42] [Worker-Main-2/INFO] (Minecraft) Found unifont_jp_patch-15.1.05.hex, loading
[10:58:44] [Render thread/WARN] (Minecraft) Missing sound for event: minecraft:item.goat_horn.play
[10:58:44] [Render thread/WARN] (Minecraft) Missing sound for event: minecraft:entity.goat.screaming.horn_break
[10:58:45] [Render thread/INFO] (Minecraft) OpenAL initialized on device OpenAL Soft on Speakers (PRO X)
[10:58:45] [Render thread/INFO] (Minecraft) Sound engine started
[10:58:45] [Render thread/INFO] (Minecraft) Created: 1024x512x4 minecraft:textures/atlas/blocks.png-atlas
[10:58:45] [Render thread/INFO] (Minecraft) Created: 256x256x4 minecraft:textures/atlas/signs.png-atlas
[10:58:45] [Render thread/INFO] (Minecraft) Created: 512x512x4 minecraft:textures/atlas/shield_patterns.png-atlas
[10:58:45] [Render thread/INFO] (Minecraft) Created: 512x512x4 minecraft:textures/atlas/banner_patterns.png-atlas
[10:58:45] [Render thread/INFO] (Minecraft) Created: 1024x1024x4 minecraft:textures/atlas/armor_trims.png-atlas
[10:58:45] [Render thread/INFO] (Minecraft) Created: 128x64x4 minecraft:textures/atlas/decorated_pot.png-atlas
[10:58:45] [Render thread/INFO] (Minecraft) Created: 256x256x4 minecraft:textures/atlas/chest.png-atlas
[10:58:45] [Render thread/INFO] (Minecraft) Created: 512x256x4 minecraft:textures/atlas/beds.png-atlas
[10:58:45] [Render thread/INFO] (Minecraft) Created: 512x256x4 minecraft:textures/atlas/shulker_boxes.png-atlas
[10:58:45] [Render thread/INFO] (Minecraft) Created: 512x256x0 minecraft:textures/atlas/particles.png-atlas
[10:58:45] [Render thread/INFO] (Minecraft) Created: 512x256x0 minecraft:textures/atlas/paintings.png-atlas
[10:58:45] [Render thread/INFO] (Minecraft) Created: 256x128x0 minecraft:textures/atlas/mob_effects.png-atlas
[10:58:45] [Render thread/INFO] (Minecraft) Created: 64x64x0 minecraft:textures/atlas/map_decorations.png-atlas
[10:58:45] [Render thread/INFO] (Minecraft) Created: 1024x512x0 minecraft:textures/atlas/gui.png-atlas
[10:58:45] [Render thread/WARN] (Minecraft) Shader rendertype_entity_translucent_emissive could not find sampler named Sampler2 in the specified shader program.
[10:58:53] [Render thread/INFO] (AuthMe) Adding auth button to the multiplayer screen
[10:58:53] [ForkJoinPool.commonPool-worker-1/INFO] (AuthMe) Verifying Minecraft session...
[10:58:53] [ForkJoinPool.commonPool-worker-1/ERROR] (AuthMe) Could not validate the Minecraft session!
com.mojang.authlib.exceptions.InvalidCredentialsException: ForbiddenOperationException
	at knot/com.mojang.authlib.exceptions.MinecraftClientHttpException.toAuthenticationException(MinecraftClientHttpException.java:49) ~[authlib-6.0.54.jar:?]
	at knot/com.mojang.authlib.yggdrasil.YggdrasilMinecraftSessionService.joinServer(YggdrasilMinecraftSessionService.java:81) ~[authlib-6.0.54.jar:?]
	at knot/me.axieum.mcmod.authme.api.util.SessionUtils.lambda$getStatus$1(SessionUtils.java:156) ~[authme-8.0.0+1.21-64b5720b4b825f21.jar:?]
	at java.base/java.util.concurrent.CompletableFuture$AsyncSupply.run(CompletableFuture.java:1768) [?:?]
	at java.base/java.util.concurrent.CompletableFuture$AsyncSupply.exec(CompletableFuture.java:1760) [?:?]
	at java.base/java.util.concurrent.ForkJoinTask.doExec(ForkJoinTask.java:387) [?:?]
	at java.base/java.util.concurrent.ForkJoinPool$WorkQueue.topLevelExec(ForkJoinPool.java:1312) [?:?]
	at java.base/java.util.concurrent.ForkJoinPool.scan(ForkJoinPool.java:1843) [?:?]
	at java.base/java.util.concurrent.ForkJoinPool.runWorker(ForkJoinPool.java:1808) [?:?]
	at java.base/java.util.concurrent.ForkJoinWorkerThread.run(ForkJoinWorkerThread.java:188) [?:?]
[10:58:55] [pool-7-thread-1/INFO] (AuthMe) Acquiring Microsoft auth code...
[10:58:55] [pool-7-thread-1/INFO] (AuthMe) Launching Microsoft login in browser: https://login.microsoftonline.com/consumers/oauth2/v2.0/authorize?client_id=e16699bb-2aa8-46da-b5e3-45cbcce29091&response_type=code&redirect_uri=http%3A%2F%2Flocalhost%3A25585%2Fcallback&scope=XboxLive.signin+offline_access&state=Z1dEtANZ
[10:58:55] [pool-7-thread-1/INFO] (AuthMe) Begin listening on http://localhost:25585/callback for a successful Microsoft login...
[10:58:57] [pool-7-thread-1/INFO] (AuthMe) Acquired Microsoft auth code! (M.C507_BAY.2.U....c-75734698164d)
[10:58:59] [pool-7-thread-1/INFO] (AuthMe) Exchanging Microsoft auth code for an access token...
[10:58:59] [pool-7-thread-1/INFO] (AuthMe) [POST] https://login.microsoftonline.com/consumers/oauth2/v2.0/token (timeout=30s)
[10:59:00] [pool-7-thread-1/INFO] (AuthMe) Acquired Microsoft access token! (EwDoA+pvBAAUKod...S0jjrYlRTgAg==)
[10:59:00] [pool-7-thread-1/INFO] (AuthMe) Exchanging Microsoft access token for an Xbox Live access token...
[10:59:00] [pool-7-thread-1/INFO] (AuthMe) [POST] https://user.auth.xboxlive.com/user/authenticate (timeout=30s)
[10:59:00] [pool-7-thread-1/INFO] (AuthMe) Acquired Xbox Live access token! (eyJhbGciOiJSU0E...TpkLX67dpGrJYg)
[10:59:00] [pool-7-thread-1/INFO] (AuthMe) Exchanging Xbox Live token for an Xbox Live XSTS token...
[10:59:00] [pool-7-thread-1/INFO] (AuthMe) [POST] https://xsts.auth.xboxlive.com/xsts/authorize (timeout=30s)
[10:59:01] [pool-7-thread-1/INFO] (AuthMe) Acquired Xbox Live XSTS token! (token=eyJlbmMiOiJBMTI...Kr0DQYYW3l2d_w, uhs=793505733791953182)
[10:59:01] [pool-7-thread-1/INFO] (AuthMe) Exchanging Xbox Live XSTS token for a Minecraft access token...
[10:59:01] [pool-7-thread-1/INFO] (AuthMe) [POST] https://api.minecraftservices.com/authentication/login_with_xbox (timeout=30s)
[10:59:02] [pool-7-thread-1/INFO] (AuthMe) Acquired Minecraft access token! (eyJraWQiOiIwNDk...inr8zGBqP8GFsg)
[10:59:02] [pool-7-thread-1/INFO] (AuthMe) Fetching Minecraft profile...
[10:59:02] [pool-7-thread-1/INFO] (AuthMe) [GET] https://api.minecraftservices.com/minecraft/profile (timeout=30s)
[10:59:02] [pool-7-thread-1/INFO] (AuthMe) Fetched Minecraft profile! (name=ESDE4THL0V3R, uuid=3c55e0f9-549e-44e9-8746-1f0f934f3496)
[10:59:02] [pool-7-thread-1/INFO] (AuthMe) Minecraft session for ESDE4THL0V3R (uuid=3c55e0f9-549e-44e9-8746-1f0f934f3496) has been applied
[10:59:02] [pool-7-thread-1/INFO] (AuthMe) Successfully logged in via Microsoft!
[10:59:02] [Render thread/INFO] (AuthMe) Adding auth button to the multiplayer screen
[10:59:02] [ForkJoinPool.commonPool-worker-1/INFO] (AuthMe) Verifying Minecraft session...
[10:59:03] [ForkJoinPool.commonPool-worker-1/INFO] (AuthMe) The Minecraft session is valid
[10:59:04] [Render thread/INFO] (Minecraft) Connecting to wynncraft.com, 25565
[10:59:05] [Render thread/WARN] (Minecraft) Client disconnected with reason: Transferred to another server
[10:59:05] [Render thread/INFO] (Minecraft) Connecting to 5fc75d3f-c298-40d2-a668-26b15f324b9c.proxy.wynncraft.com, 25565
[10:59:07] [Netty Client IO #2/WARN] (fabric-networking-api-v1) Received invalid channel identifier "legacy:fml|hs"
[10:59:07] [Netty Client IO #2/WARN] (fabric-networking-api-v1) Received invalid channel identifier "WECUI"
[10:59:07] [Netty Client IO #2/WARN] (fabric-networking-api-v1) Received invalid channel identifier "WECUI"
[10:59:07] [Render thread/WARN] (Minecraft) Not all defined tags for registry ResourceKey[minecraft:root / minecraft:block] are present in data pack: minecraft:fire_aspect_lightable
[10:59:08] [Render thread/WARN] (Minecraft) Ignoring player info update for unknown player 3c55e0f9-549e-44e9-8746-1f0f934f3496 ([UPDATE_DISPLAY_NAME])
[10:59:08] [Render thread/WARN] (Minecraft) Not all defined tags for registry ResourceKey[minecraft:root / minecraft:block] are present in data pack: minecraft:fire_aspect_lightable
[10:59:09] [Render thread/INFO] (Minecraft) Loaded 824 advancements
[10:59:09] [Render thread/INFO] (Minecraft) Loaded 1656 advancements
[10:59:09] [Render thread/WARN] (Minecraft) Received passengers for unknown entity
[10:59:09] [Render thread/WARN] (Minecraft) Received passengers for unknown entity
[10:59:09] [Download-1/INFO] (Minecraft) Returning cached file since actual hash matches requested
[10:59:09] [Render thread/INFO] (Minecraft) Reloading ResourceManager: vanilla, fabric, authme, cloth-config, fabric-api, fabric-api-base, fabric-api-lookup-api-v1, fabric-biome-api-v1, fabric-block-api-v1, fabric-block-view-api-v2, fabric-blockrenderlayer-v1, fabric-client-tags-api-v1, fabric-command-api-v1, fabric-command-api-v2, fabric-commands-v0, fabric-content-registries-v0, fabric-convention-tags-v1, fabric-convention-tags-v2, fabric-crash-report-info-v1, fabric-data-attachment-api-v1, fabric-data-generation-api-v1, fabric-dimensions-v1, fabric-entity-events-v1, fabric-events-interaction-v0, fabric-game-rule-api-v1, fabric-gametest-api-v1, fabric-item-api-v1, fabric-item-group-api-v1, fabric-key-binding-api-v1, fabric-keybindings-v0, fabric-lifecycle-events-v1, fabric-loot-api-v2, fabric-loot-api-v3, fabric-message-api-v1, fabric-model-loading-api-v1, fabric-networking-api-v1, fabric-object-builder-api-v1, fabric-particles-v1, fabric-recipe-api-v1, fabric-registry-sync-v0, fabric-renderer-api-v1, fabric-renderer-indigo, fabric-renderer-registries-v1, fabric-rendering-data-attachment-v1, fabric-rendering-fluids-v1, fabric-rendering-v0, fabric-rendering-v1, fabric-resource-conditions-api-v1, fabric-resource-loader-v0, fabric-screen-api-v1, fabric-screen-handler-api-v1, fabric-sound-api-v1, fabric-transfer-api-v1, fabric-transitive-access-wideners-v1, fabricloader, modmenu, server/00000000/e6b41578-bbf8-3ba6-9047-763d986d9e67
[10:59:09] [Worker-Main-6/INFO] (Minecraft) Found unifont_all_no_pua-15.1.05.hex, loading
[10:59:09] [Worker-Main-6/INFO] (Minecraft) Found unifont_jp_patch-15.1.05.hex, loading
[10:59:12] [Worker-Main-1/WARN] (Minecraft) Exception loading blockstate definition: 'minecraft:blockstates/cauldron.json' in resourcepack: 'server/00000000/e6b41578-bbf8-3ba6-9047-763d986d9e67' for variant: 'level=1': Unknown blockstate property: 'level'
[10:59:12] [Worker-Main-1/WARN] (Minecraft) Exception loading blockstate definition: 'minecraft:blockstates/cauldron.json' in resourcepack: 'server/00000000/e6b41578-bbf8-3ba6-9047-763d986d9e67' for variant: 'level=2': Unknown blockstate property: 'level'
[10:59:12] [Worker-Main-1/WARN] (Minecraft) Exception loading blockstate definition: 'minecraft:blockstates/cauldron.json' in resourcepack: 'server/00000000/e6b41578-bbf8-3ba6-9047-763d986d9e67' for variant: 'level=3': Unknown blockstate property: 'level'
[10:59:12] [Worker-Main-1/WARN] (Minecraft) Exception loading blockstate definition: 'minecraft:blockstates/cauldron.json' in resourcepack: 'server/00000000/e6b41578-bbf8-3ba6-9047-763d986d9e67' for variant: 'level=0': Unknown blockstate property: 'level'
[10:59:15] [Render thread/WARN] (Minecraft) Missing sound for event: minecraft:item.goat_horn.play
[10:59:15] [Render thread/WARN] (Minecraft) Missing sound for event: minecraft:entity.goat.screaming.horn_break
[10:59:15] [Render thread/INFO] (Minecraft) OpenAL initialized on device OpenAL Soft on Speakers (PRO X)
[10:59:15] [Render thread/INFO] (Minecraft) Sound engine started
[10:59:15] [Render thread/INFO] (Minecraft) Created: 4096x4096x4 minecraft:textures/atlas/blocks.png-atlas
[10:59:15] [Render thread/INFO] (Minecraft) Created: 256x256x4 minecraft:textures/atlas/signs.png-atlas
[10:59:15] [Render thread/INFO] (Minecraft) Created: 512x512x4 minecraft:textures/atlas/shield_patterns.png-atlas
[10:59:15] [Render thread/INFO] (Minecraft) Created: 512x512x4 minecraft:textures/atlas/banner_patterns.png-atlas
[10:59:15] [Render thread/INFO] (Minecraft) Created: 1024x1024x4 minecraft:textures/atlas/armor_trims.png-atlas
[10:59:15] [Render thread/INFO] (Minecraft) Created: 128x64x4 minecraft:textures/atlas/decorated_pot.png-atlas
[10:59:15] [Render thread/INFO] (Minecraft) Created: 256x256x4 minecraft:textures/atlas/chest.png-atlas
[10:59:15] [Render thread/INFO] (Minecraft) Created: 512x256x4 minecraft:textures/atlas/beds.png-atlas
[10:59:15] [Render thread/INFO] (Minecraft) Created: 512x256x4 minecraft:textures/atlas/shulker_boxes.png-atlas
[10:59:15] [Render thread/INFO] (Minecraft) Created: 512x256x0 minecraft:textures/atlas/particles.png-atlas
[10:59:15] [Render thread/INFO] (Minecraft) Created: 512x512x0 minecraft:textures/atlas/paintings.png-atlas
[10:59:15] [Render thread/INFO] (Minecraft) Created: 256x128x0 minecraft:textures/atlas/mob_effects.png-atlas
[10:59:15] [Render thread/INFO] (Minecraft) Created: 64x64x0 minecraft:textures/atlas/map_decorations.png-atlas
[10:59:15] [Render thread/INFO] (Minecraft) Created: 1024x512x0 minecraft:textures/atlas/gui.png-atlas
[10:59:15] [Render thread/WARN] (Minecraft) Shader rendertype_entity_translucent_emissive could not find sampler named Sampler2 in the specified shader program.
[10:59:20] [Render thread/WARN] (Minecraft) Unable to play unknown soundEvent: minecraft:wynn.instrument.brass_lower
[11:01:00] [Render thread/INFO] (Minecraft) [System] [CHAT] 󏿼󏿿󏿾 The current guild season will end in 2 \n󏿼󐀆 hours
[11:02:52] [Render thread/INFO] (Minecraft) [System] [CHAT] [Info] Looking to sell/buy something? Use the global Trade Market found in most major towns! For more information, visit wynncraft.com
[11:03:36] [Render thread/INFO] (Minecraft) [System] [CHAT] 󏿼󏿿󏿾 Your items are damaged and have become less effective. \n󏿼󐀆 Bring them to a Blacksmith to repair them.
[11:03:36] [Render thread/INFO] (Minecraft) [System] [CHAT] \n                  §6§lWelcome to Wynncraft!\n            §fplay.wynncraft.com §7-/-§f wynncraft.com\n\n          §bLearn more about classes and abilities: \n                    §d§nwynncraft.com/classes\n
[11:03:36] [Render thread/WARN] (Minecraft) Ignoring player info update for unknown player d730e3f1-4ec9-2007-9298-8ebb73af6055 ([UPDATE_DISPLAY_NAME])
[11:03:37] [Render thread/WARN] (Minecraft) Received passengers for unknown entity
[11:03:37] [Render thread/WARN] (Minecraft) Received packet for unknown team _NA26: team action: REMOVE, player action: null
[11:03:37] [Render thread/WARN] (Minecraft) Received packet for unknown team _NA15: team action: REMOVE, player action: null
[11:03:37] [Render thread/WARN] (Minecraft) Received packet for unknown team _NA24: team action: REMOVE, player action: null
[11:03:37] [Render thread/WARN] (Minecraft) Received packet for unknown team _NA25: team action: REMOVE, player action: null
[11:03:37] [Render thread/WARN] (Minecraft) Received packet for unknown team _NA16: team action: REMOVE, player action: null
[11:03:37] [Render thread/WARN] (Minecraft) Received packet for unknown team _EU2: team action: REMOVE, player action: null
[11:03:37] [Render thread/WARN] (Minecraft) Received packet for unknown team _NA7: team action: REMOVE, player action: null
[11:03:37] [Render thread/WARN] (Minecraft) Received packet for unknown team _NA14: team action: REMOVE, player action: null
[11:03:37] [Render thread/WARN] (Minecraft) Received packet for unknown team _NA17: team action: REMOVE, player action: null
[11:03:37] [Render thread/WARN] (Minecraft) Received packet for unknown team _NA11: team action: REMOVE, player action: null
[11:03:37] [Render thread/WARN] (Minecraft) Received packet for unknown team _NA2: team action: REMOVE, player action: null
[11:03:37] [Render thread/WARN] (Minecraft) Received packet for unknown team _NA19: team action: REMOVE, player action: null
[11:03:37] [Render thread/WARN] (Minecraft) Received packet for unknown team _NA18: team action: REMOVE, player action: null
[11:03:37] [Render thread/WARN] (Minecraft) Received packet for unknown team _NA1: team action: REMOVE, player action: null
[11:03:37] [Render thread/WARN] (Minecraft) Received packet for unknown team _NA5: team action: REMOVE, player action: null
[11:03:37] [Render thread/WARN] (Minecraft) Received packet for unknown team _NA4: team action: REMOVE, player action: null
[11:03:37] [Render thread/WARN] (Minecraft) Received packet for unknown team _NA6: team action: REMOVE, player action: null
[11:03:37] [Render thread/WARN] (Minecraft) Received packet for unknown team _AS8: team action: REMOVE, player action: null
[11:03:37] [Render thread/WARN] (Minecraft) Received packet for unknown team _NA22: team action: REMOVE, player action: null
[11:03:37] [Render thread/WARN] (Minecraft) Received packet for unknown team _NA3: team action: REMOVE, player action: null
[11:03:37] [Render thread/WARN] (Minecraft) Received packet for unknown team _NA12: team action: REMOVE, player action: null
[11:03:42] [Render thread/WARN] (Minecraft) Received packet for unknown team _EU3: team action: REMOVE, player action: null
[11:03:45] [Render thread/WARN] (Minecraft) Received packet for unknown team _NA9: team action: REMOVE, player action: null
[11:03:45] [Render thread/WARN] (Minecraft) Received passengers for unknown entity
[11:03:46] [Render thread/WARN] (Minecraft) Ignoring player info update for unknown player d730e3f1-4ec9-2007-9298-8ebb73af6055 ([UPDATE_DISPLAY_NAME])
[11:03:46] [Render thread/WARN] (Minecraft) Received packet for unknown team _NA23: team action: REMOVE, player action: null
[11:03:48] [Render thread/WARN] (Minecraft) Received packet for unknown team _NA13: team action: REMOVE, player action: null
[11:03:53] [Render thread/WARN] (Minecraft) Received passengers for unknown entity
[11:04:05] [Render thread/WARN] (Minecraft) Duplicate entity UUID 7c773664-b6b7-4216-aa37-8e37113c4b56: HorseEntity['Horse'/1648474505, l='ClientLevel', x=-872.33, y=67.00, z=-1578.87]
[11:04:05] [Render thread/WARN] (Minecraft) Received passengers for unknown entity
[11:04:07] [Render thread/WARN] (Minecraft) Ignoring player info update for unknown player d730e3f1-4ec9-2007-9298-8ebb73af6055 ([UPDATE_DISPLAY_NAME])
[11:04:11] [Render thread/WARN] (Minecraft) Received packet for unknown team _AS6: team action: REMOVE, player action: null
[11:04:13] [Render thread/INFO] (Minecraft) [System] [CHAT] Saved screenshot as 2025-04-13_11.04.12.png
[11:04:21] [Render thread/WARN] (Minecraft) Received passengers for unknown entity
[11:04:21] [Render thread/WARN] (Minecraft) Received passengers for unknown entity
[11:04:22] [Render thread/WARN] (Minecraft) Received passengers for unknown entity
[11:04:22] [Render thread/WARN] (Minecraft) Received passengers for unknown entity
[11:04:22] [Render thread/WARN] (Minecraft) Received passengers for unknown entity
[11:04:22] [Render thread/WARN] (Minecraft) Received passengers for unknown entity
[11:04:22] [Render thread/WARN] (Minecraft) Received passengers for unknown entity
[11:04:22] [Render thread/WARN] (Minecraft) Received passengers for unknown entity
[11:04:23] [Render thread/WARN] (Minecraft) Received passengers for unknown entity
[11:04:23] [Render thread/WARN] (Minecraft) Received passengers for unknown entity
[11:04:23] [Render thread/WARN] (Minecraft) Received passengers for unknown entity
[11:04:23] [Render thread/WARN] (Minecraft) Received passengers for unknown entity
[11:04:24] [Render thread/WARN] (Minecraft) Received passengers for unknown entity
[11:04:24] [Render thread/WARN] (Minecraft) Received passengers for unknown entity
[11:04:24] [Render thread/WARN] (Minecraft) Received passengers for unknown entity
[11:04:24] [Render thread/WARN] (Minecraft) Received passengers for unknown entity
[11:04:24] [Render thread/WARN] (Minecraft) Received passengers for unknown entity
[11:04:24] [Render thread/WARN] (Minecraft) Received passengers for unknown entity
[11:04:24] [Render thread/WARN] (Minecraft) Received passengers for unknown entity
[11:04:24] [Render thread/WARN] (Minecraft) Received passengers for unknown entity
[11:04:25] [Render thread/WARN] (Minecraft) Received passengers for unknown entity
[11:04:25] [Render thread/WARN] (Minecraft) Received passengers for unknown entity
[11:04:25] [Render thread/WARN] (Minecraft) Received passengers for unknown entity
[11:04:25] [Render thread/WARN] (Minecraft) Received passengers for unknown entity
[11:04:26] [Render thread/WARN] (Minecraft) Received passengers for unknown entity
[11:04:26] [Render thread/WARN] (Minecraft) Received passengers for unknown entity
[11:04:26] [Render thread/WARN] (Minecraft) Received passengers for unknown entity
[11:04:26] [Render thread/WARN] (Minecraft) Received passengers for unknown entity
[11:04:27] [Render thread/WARN] (Minecraft) Received passengers for unknown entity
[11:04:27] [Render thread/WARN] (Minecraft) Received passengers for unknown entity
[11:04:27] [Render thread/WARN] (Minecraft) Received passengers for unknown entity
[11:04:27] [Render thread/WARN] (Minecraft) Received passengers for unknown entity
[11:04:28] [Render thread/WARN] (Minecraft) Received passengers for unknown entity
[11:04:28] [Render thread/WARN] (Minecraft) Received passengers for unknown entity
[11:04:28] [Render thread/WARN] (Minecraft) Received passengers for unknown entity
[11:04:28] [Render thread/WARN] (Minecraft) Received passengers for unknown entity
[11:04:29] [Render thread/WARN] (Minecraft) Received passengers for unknown entity
[11:04:29] [Render thread/WARN] (Minecraft) Received passengers for unknown entity
[11:04:29] [Render thread/WARN] (Minecraft) Received passengers for unknown entity
[11:04:29] [Render thread/WARN] (Minecraft) Received passengers for unknown entity
[11:04:30] [Render thread/WARN] (Minecraft) Received passengers for unknown entity
[11:04:30] [Render thread/WARN] (Minecraft) Received passengers for unknown entity
[11:04:30] [Render thread/WARN] (Minecraft) Received passengers for unknown entity
[11:04:30] [Render thread/WARN] (Minecraft) Received passengers for unknown entity
[11:04:30] [Render thread/WARN] (Minecraft) Received passengers for unknown entity
[11:04:30] [Render thread/WARN] (Minecraft) Received passengers for unknown entity
[11:04:30] [Render thread/WARN] (Minecraft) Received passengers for unknown entity
[11:04:30] [Render thread/WARN] (Minecraft) Received passengers for unknown entity
[11:04:31] [Render thread/WARN] (Minecraft) Ignoring player info update for unknown player d730e3f1-4ec9-2007-9298-8ebb73af6055 ([UPDATE_DISPLAY_NAME])
[11:04:32] [Render thread/WARN] (Minecraft) Received passengers for unknown entity
[11:04:32] [Render thread/WARN] (Minecraft) Received passengers for unknown entity
[11:04:32] [Render thread/WARN] (Minecraft) Received passengers for unknown entity
[11:04:32] [Render thread/WARN] (Minecraft) Received passengers for unknown entity
[11:04:32] [Render thread/WARN] (Minecraft) Received passengers for unknown entity
[11:04:32] [Render thread/WARN] (Minecraft) Received passengers for unknown entity
[11:04:33] [Render thread/WARN] (Minecraft) Received passengers for unknown entity
[11:04:33] [Render thread/WARN] (Minecraft) Received passengers for unknown entity
[11:04:33] [Render thread/WARN] (Minecraft) Received passengers for unknown entity
[11:04:33] [Render thread/WARN] (Minecraft) Received passengers for unknown entity
[11:04:33] [Render thread/WARN] (Minecraft) Received passengers for unknown entity
[11:04:33] [Render thread/WARN] (Minecraft) Received passengers for unknown entity
[11:04:34] [Render thread/WARN] (Minecraft) Received passengers for unknown entity
[11:04:34] [Render thread/WARN] (Minecraft) Received passengers for unknown entity
[11:04:34] [Render thread/WARN] (Minecraft) Received passengers for unknown entity
[11:04:34] [Render thread/WARN] (Minecraft) Received passengers for unknown entity
[11:04:35] [Render thread/WARN] (Minecraft) Received passengers for unknown entity
[11:04:35] [Render thread/WARN] (Minecraft) Received passengers for unknown entity
[11:04:35] [Render thread/WARN] (Minecraft) Received passengers for unknown entity
[11:04:35] [Render thread/WARN] (Minecraft) Received passengers for unknown entity
[11:04:35] [Render thread/WARN] (Minecraft) Received passengers for unknown entity
[11:04:35] [Render thread/WARN] (Minecraft) Received passengers for unknown entity
[11:04:35] [Render thread/WARN] (Minecraft) Received passengers for unknown entity
[11:04:37] [Render thread/WARN] (Minecraft) Received passengers for unknown entity
[11:04:37] [Render thread/WARN] (Minecraft) Received passengers for unknown entity
[11:04:37] [Render thread/WARN] (Minecraft) Received passengers for unknown entity
[11:04:37] [Render thread/WARN] (Minecraft) Received passengers for unknown entity
[11:04:37] [Render thread/WARN] (Minecraft) Received passengers for unknown entity
[11:04:38] [Render thread/WARN] (Minecraft) Received passengers for unknown entity
[11:04:38] [Render thread/WARN] (Minecraft) Received passengers for unknown entity
[11:04:38] [Render thread/WARN] (Minecraft) Received passengers for unknown entity
[11:04:38] [Render thread/WARN] (Minecraft) Received passengers for unknown entity
[11:04:38] [Render thread/WARN] (Minecraft) Received passengers for unknown entity
[11:04:38] [Render thread/WARN] (Minecraft) Received passengers for unknown entity
[11:04:39] [Render thread/WARN] (Minecraft) Received passengers for unknown entity
[11:04:39] [Render thread/WARN] (Minecraft) Received passengers for unknown entity
[11:04:39] [Render thread/WARN] (Minecraft) Received passengers for unknown entity
[11:04:39] [Render thread/WARN] (Minecraft) Received passengers for unknown entity
[11:04:40] [Render thread/INFO] (Minecraft) [System] [CHAT] Saved screenshot as 2025-04-13_11.04.39.png
[11:04:40] [Render thread/WARN] (Minecraft) Received passengers for unknown entity
[11:04:40] [Render thread/WARN] (Minecraft) Received passengers for unknown entity
[11:04:40] [Render thread/WARN] (Minecraft) Received passengers for unknown entity
[11:04:40] [Render thread/WARN] (Minecraft) Received passengers for unknown entity
[11:04:40] [Render thread/WARN] (Minecraft) Received passengers for unknown entity
[11:04:41] [Render thread/WARN] (Minecraft) Received passengers for unknown entity
[11:04:41] [Render thread/WARN] (Minecraft) Received passengers for unknown entity
[11:04:42] [Render thread/WARN] (Minecraft) Received passengers for unknown entity
[11:04:42] [Render thread/WARN] (Minecraft) Received passengers for unknown entity
[11:04:42] [Render thread/WARN] (Minecraft) Received passengers for unknown entity
[11:04:42] [Render thread/WARN] (Minecraft) Received passengers for unknown entity
[11:04:43] [Render thread/WARN] (Minecraft) Received passengers for unknown entity
[11:04:43] [Render thread/WARN] (Minecraft) Received passengers for unknown entity
[11:04:43] [Render thread/WARN] (Minecraft) Received passengers for unknown entity
[11:04:43] [Render thread/WARN] (Minecraft) Received passengers for unknown entity
[11:04:43] [Render thread/WARN] (Minecraft) Received passengers for unknown entity
[11:04:43] [Render thread/WARN] (Minecraft) Received passengers for unknown entity
[11:04:43] [Render thread/WARN] (Minecraft) Received passengers for unknown entity
[11:04:44] [Render thread/WARN] (Minecraft) Received passengers for unknown entity
[11:04:44] [Render thread/WARN] (Minecraft) Received passengers for unknown entity
[11:04:44] [Render thread/WARN] (Minecraft) Received passengers for unknown entity
[11:04:44] [Render thread/WARN] (Minecraft) Received passengers for unknown entity
[11:04:45] [Render thread/WARN] (Minecraft) Received passengers for unknown entity
[11:04:46] [Render thread/WARN] (Minecraft) Received passengers for unknown entity
[11:04:46] [Render thread/WARN] (Minecraft) Received passengers for unknown entity
[11:04:46] [Render thread/WARN] (Minecraft) Received passengers for unknown entity
[11:04:46] [Render thread/WARN] (Minecraft) Received passengers for unknown entity
[11:04:46] [Render thread/WARN] (Minecraft) Received passengers for unknown entity
[11:04:46] [Render thread/WARN] (Minecraft) Received passengers for unknown entity
[11:04:46] [Render thread/WARN] (Minecraft) Received passengers for unknown entity
[11:04:47] [Render thread/WARN] (Minecraft) Received passengers for unknown entity
[11:04:47] [Render thread/WARN] (Minecraft) Received passengers for unknown entity
[11:04:47] [Render thread/WARN] (Minecraft) Received passengers for unknown entity
[11:04:48] [Render thread/WARN] (Minecraft) Received passengers for unknown entity
[11:04:48] [Render thread/WARN] (Minecraft) Received passengers for unknown entity
[11:04:48] [Render thread/WARN] (Minecraft) Received passengers for unknown entity
[11:04:48] [Render thread/WARN] (Minecraft) Received passengers for unknown entity
[11:04:48] [Render thread/WARN] (Minecraft) Received passengers for unknown entity
[11:04:48] [Render thread/WARN] (Minecraft) Received passengers for unknown entity
[11:04:48] [Render thread/WARN] (Minecraft) Received passengers for unknown entity
[11:04:50] [Render thread/WARN] (Minecraft) Received passengers for unknown entity
[11:04:50] [Render thread/WARN] (Minecraft) Received passengers for unknown entity
[11:04:50] [Render thread/WARN] (Minecraft) Received passengers for unknown entity
[11:04:50] [Render thread/WARN] (Minecraft) Received passengers for unknown entity
[11:04:50] [Render thread/WARN] (Minecraft) Received passengers for unknown entity
[11:04:50] [Render thread/WARN] (Minecraft) Received passengers for unknown entity
[11:04:50] [Render thread/WARN] (Minecraft) Received passengers for unknown entity
[11:04:51] [Render thread/WARN] (Minecraft) Received passengers for unknown entity
[11:04:51] [Render thread/WARN] (Minecraft) Received passengers for unknown entity
[11:04:51] [Render thread/WARN] (Minecraft) Received passengers for unknown entity
[11:04:51] [Render thread/WARN] (Minecraft) Received passengers for unknown entity
[11:04:52] [Render thread/WARN] (Minecraft) Received passengers for unknown entity
[11:04:52] [Render thread/WARN] (Minecraft) Received passengers for unknown entity
[11:04:52] [Render thread/WARN] (Minecraft) Received passengers for unknown entity
[11:04:52] [Render thread/WARN] (Minecraft) Received passengers for unknown entity
[11:04:53] [Render thread/WARN] (Minecraft) Received passengers for unknown entity
[11:04:53] [Render thread/WARN] (Minecraft) Received passengers for unknown entity
[11:04:53] [Render thread/WARN] (Minecraft) Received passengers for unknown entity
[11:04:53] [Render thread/WARN] (Minecraft) Received passengers for unknown entity
[11:04:53] [Render thread/WARN] (Minecraft) Received passengers for unknown entity
[11:04:54] [Render thread/WARN] (Minecraft) Received passengers for unknown entity
[11:04:54] [Render thread/WARN] (Minecraft) Received passengers for unknown entity
[11:04:55] [Render thread/WARN] (Minecraft) Received passengers for unknown entity
[11:04:55] [Render thread/WARN] (Minecraft) Received passengers for unknown entity
[11:04:55] [Render thread/WARN] (Minecraft) Received passengers for unknown entity
[11:04:55] [Render thread/WARN] (Minecraft) Received passengers for unknown entity
[11:04:55] [Render thread/WARN] (Minecraft) Received passengers for unknown entity
[11:04:56] [Render thread/WARN] (Minecraft) Received passengers for unknown entity
[11:04:56] [Render thread/WARN] (Minecraft) Received passengers for unknown entity
[11:04:56] [Render thread/WARN] (Minecraft) Received passengers for unknown entity
[11:04:56] [Render thread/WARN] (Minecraft) Received passengers for unknown entity
[11:04:56] [Render thread/INFO] (Minecraft) Loaded 824 advancements
[11:04:56] [Render thread/INFO] (Minecraft) Loaded 1656 advancements
[11:04:57] [Render thread/WARN] (Minecraft) Received passengers for unknown entity
[11:04:57] [Render thread/WARN] (Minecraft) Received passengers for unknown entity
[11:04:57] [Render thread/WARN] (Minecraft) Received passengers for unknown entity
[11:04:58] [Render thread/WARN] (Minecraft) Received passengers for unknown entity
[11:04:58] [Render thread/WARN] (Minecraft) Received passengers for unknown entity
[11:04:58] [Render thread/WARN] (Minecraft) Received passengers for unknown entity
[11:04:59] [Render thread/WARN] (Minecraft) Received passengers for unknown entity
[11:04:59] [Render thread/WARN] (Minecraft) Received passengers for unknown entity
[11:04:59] [Render thread/INFO] (Minecraft) [System] [CHAT] ESDE4THL0V3R has given you 20% resistance.
[11:04:59] [Render thread/WARN] (Minecraft) Received passengers for unknown entity
[11:04:59] [Render thread/WARN] (Minecraft) Received passengers for unknown entity
[11:04:59] [Render thread/WARN] (Minecraft) Received passengers for unknown entity
[11:04:59] [Render thread/WARN] (Minecraft) Received passengers for unknown entity
[11:05:00] [Render thread/WARN] (Minecraft) Received passengers for unknown entity
[11:05:00] [Render thread/WARN] (Minecraft) Received passengers for unknown entity
[11:05:00] [Render thread/WARN] (Minecraft) Received passengers for unknown entity
[11:05:00] [Render thread/WARN] (Minecraft) Received passengers for unknown entity
[11:05:01] [Render thread/INFO] (Minecraft) [System] [CHAT] 󏿼󏿿󏿾 The Arachnid Ambush World Event starts \n󏿼󐀆 in 1m 58s! (426 blocks away) Click to \n󏿼󐀆 track
[11:05:01] [Render thread/WARN] (Minecraft) Received passengers for unknown entity
[11:05:01] [Render thread/WARN] (Minecraft) Received passengers for unknown entity
[11:05:02] [Render thread/WARN] (Minecraft) Received passengers for unknown entity
[11:05:02] [Render thread/WARN] (Minecraft) Received passengers for unknown entity
[11:05:02] [Render thread/WARN] (Minecraft) Received passengers for unknown entity
[11:05:02] [Render thread/WARN] (Minecraft) Received passengers for unknown entity
[11:05:02] [Render thread/INFO] (Minecraft) [System] [CHAT] 󏿼󏿿󏿾 You need to use §can Axe§4 to gather from this resource!
[11:05:02] [Render thread/WARN] (Minecraft) Received passengers for unknown entity
[11:05:02] [Render thread/WARN] (Minecraft) Received passengers for unknown entity
[11:05:03] [Render thread/WARN] (Minecraft) Received passengers for unknown entity
[11:05:03] [Render thread/WARN] (Minecraft) Received passengers for unknown entity
[11:05:03] [Render thread/WARN] (Minecraft) Received passengers for unknown entity
[11:05:04] [Render thread/WARN] (Minecraft) Received passengers for unknown entity
[11:05:04] [Render thread/WARN] (Minecraft) Received passengers for unknown entity
[11:05:04] [Render thread/WARN] (Minecraft) Received passengers for unknown entity
[11:05:04] [Render thread/WARN] (Minecraft) Received passengers for unknown entity
[11:05:04] [Render thread/WARN] (Minecraft) Received passengers for unknown entity
[11:05:04] [Render thread/WARN] (Minecraft) Received passengers for unknown entity
[11:05:05] [Render thread/WARN] (Minecraft) Received passengers for unknown entity
[11:05:05] [Render thread/WARN] (Minecraft) Received passengers for unknown entity
[11:05:05] [Render thread/WARN] (Minecraft) Received passengers for unknown entity
[11:05:05] [Render thread/WARN] (Minecraft) Received passengers for unknown entity
[11:05:06] [Render thread/WARN] (Minecraft) Received passengers for unknown entity
[11:05:07] [Render thread/WARN] (Minecraft) Received passengers for unknown entity
[11:05:07] [Render thread/WARN] (Minecraft) Received passengers for unknown entity
[11:05:07] [Render thread/WARN] (Minecraft) Received passengers for unknown entity
[11:05:07] [Render thread/WARN] (Minecraft) Received passengers for unknown entity
[11:05:07] [Render thread/WARN] (Minecraft) Received passengers for unknown entity
[11:05:07] [Render thread/WARN] (Minecraft) Received passengers for unknown entity
[11:05:08] [Render thread/INFO] (Minecraft) [System] [CHAT] 󏿼󐀆 You need to use §can Axe§4 to gather from this resource!
[11:05:08] [Render thread/WARN] (Minecraft) Received passengers for unknown entity
[11:05:08] [Render thread/WARN] (Minecraft) Received passengers for unknown entity
[11:05:08] [Render thread/WARN] (Minecraft) Received passengers for unknown entity
[11:05:08] [Render thread/WARN] (Minecraft) Received passengers for unknown entity
[11:05:08] [Render thread/WARN] (Minecraft) Received passengers for unknown entity
[11:05:09] [Render thread/WARN] (Minecraft) Received passengers for unknown entity
[11:05:09] [Render thread/WARN] (Minecraft) Received passengers for unknown entity
[11:05:09] [Render thread/WARN] (Minecraft) Received passengers for unknown entity
[11:05:09] [Render thread/WARN] (Minecraft) Received passengers for unknown entity
[11:05:10] [Render thread/WARN] (Minecraft) Received passengers for unknown entity
[11:05:10] [Render thread/WARN] (Minecraft) Received passengers for unknown entity
[11:05:10] [Render thread/WARN] (Minecraft) Received passengers for unknown entity
[11:05:11] [Render thread/WARN] (Minecraft) Received passengers for unknown entity
[11:05:11] [Render thread/WARN] (Minecraft) Received passengers for unknown entity
[11:05:11] [Render thread/WARN] (Minecraft) Received passengers for unknown entity
[11:05:12] [Render thread/WARN] (Minecraft) Received passengers for unknown entity
[11:05:12] [Render thread/WARN] (Minecraft) Received passengers for unknown entity
[11:05:12] [Render thread/WARN] (Minecraft) Received passengers for unknown entity
[11:05:12] [Render thread/WARN] (Minecraft) Received passengers for unknown entity
[11:05:12] [Render thread/WARN] (Minecraft) Received passengers for unknown entity
[11:05:12] [Render thread/WARN] (Minecraft) Received passengers for unknown entity
[11:05:13] [Render thread/WARN] (Minecraft) Received passengers for unknown entity
[11:05:13] [Render thread/WARN] (Minecraft) Received passengers for unknown entity
[11:05:13] [Render thread/WARN] (Minecraft) Received passengers for unknown entity
[11:05:14] [Render thread/WARN] (Minecraft) Received passengers for unknown entity
[11:05:14] [Render thread/WARN] (Minecraft) Received passengers for unknown entity
[11:05:14] [Render thread/WARN] (Minecraft) Received passengers for unknown entity
[11:05:15] [Render thread/WARN] (Minecraft) Received passengers for unknown entity
[11:05:15] [Render thread/WARN] (Minecraft) Received passengers for unknown entity
[11:05:15] [Render thread/WARN] (Minecraft) Received passengers for unknown entity
[11:05:15] [Render thread/WARN] (Minecraft) Received passengers for unknown entity
[11:05:16] [Render thread/WARN] (Minecraft) Received passengers for unknown entity
[11:05:16] [Render thread/WARN] (Minecraft) Received passengers for unknown entity
[11:05:16] [Render thread/WARN] (Minecraft) Ignoring player info update for unknown player d730e3f1-4ec9-2007-9298-8ebb73af6055 ([UPDATE_DISPLAY_NAME])
[11:05:16] [Render thread/WARN] (Minecraft) Received passengers for unknown entity
[11:05:16] [Render thread/WARN] (Minecraft) Received passengers for unknown entity
[11:05:16] [Render thread/WARN] (Minecraft) Received passengers for unknown entity
[11:05:17] [Render thread/WARN] (Minecraft) Received passengers for unknown entity
[11:05:17] [Render thread/WARN] (Minecraft) Received passengers for unknown entity
[11:05:18] [Render thread/WARN] (Minecraft) Received passengers for unknown entity
[11:05:18] [Render thread/WARN] (Minecraft) Received passengers for unknown entity
[11:05:18] [Render thread/WARN] (Minecraft) Received passengers for unknown entity
[11:05:18] [Render thread/WARN] (Minecraft) Received passengers for unknown entity
[11:05:18] [Render thread/WARN] (Minecraft) Received passengers for unknown entity
[11:05:18] [Render thread/WARN] (Minecraft) Received passengers for unknown entity
[11:05:18] [Render thread/WARN] (Minecraft) Received passengers for unknown entity
[11:05:18] [Render thread/WARN] (Minecraft) Received passengers for unknown entity
[11:05:19] [Render thread/WARN] (Minecraft) Received passengers for unknown entity
[11:05:20] [Render thread/WARN] (Minecraft) Received passengers for unknown entity
[11:05:20] [Render thread/WARN] (Minecraft) Received passengers for unknown entity
[11:05:20] [Render thread/WARN] (Minecraft) Received passengers for unknown entity
[11:05:20] [Render thread/WARN] (Minecraft) Received passengers for unknown entity
[11:05:20] [Render thread/WARN] (Minecraft) Received passengers for unknown entity
[11:05:20] [Render thread/WARN] (Minecraft) Received passengers for unknown entity
[11:05:21] [Render thread/WARN] (Minecraft) Received passengers for unknown entity
[11:05:21] [Render thread/WARN] (Minecraft) Received passengers for unknown entity
[11:05:21] [Render thread/WARN] (Minecraft) Received passengers for unknown entity
[11:05:21] [Render thread/WARN] (Minecraft) Received passengers for unknown entity
[11:05:21] [Render thread/WARN] (Minecraft) Received passengers for unknown entity
[11:05:23] [Render thread/WARN] (Minecraft) Received passengers for unknown entity
[11:05:23] [Render thread/WARN] (Minecraft) Received passengers for unknown entity
[11:05:23] [Render thread/WARN] (Minecraft) Received passengers for unknown entity
[11:05:23] [Render thread/WARN] (Minecraft) Received passengers for unknown entity
[11:05:23] [Render thread/WARN] (Minecraft) Received passengers for unknown entity
[11:05:23] [Render thread/WARN] (Minecraft) Received passengers for unknown entity
[11:05:23] [Render thread/WARN] (Minecraft) Received passengers for unknown entity
[11:05:23] [Render thread/WARN] (Minecraft) Received passengers for unknown entity
[11:05:23] [Render thread/WARN] (Minecraft) Received passengers for unknown entity
[11:05:23] [Render thread/WARN] (Minecraft) Received passengers for unknown entity
[11:05:24] [Render thread/INFO] (Minecraft) [System] [CHAT] §8[§7⬤§8] §7Shield§8 has been refreshed!
[11:05:24] [Render thread/WARN] (Minecraft) Received passengers for unknown entity
[11:05:25] [Render thread/WARN] (Minecraft) Received passengers for unknown entity
[11:05:25] [Render thread/WARN] (Minecraft) Received passengers for unknown entity
[11:05:26] [Render thread/WARN] (Minecraft) Received passengers for unknown entity
[11:05:26] [Render thread/WARN] (Minecraft) Received passengers for unknown entity
[11:05:26] [Render thread/WARN] (Minecraft) Received passengers for unknown entity
[11:05:26] [Render thread/WARN] (Minecraft) Received passengers for unknown entity
[11:05:26] [Render thread/WARN] (Minecraft) Received passengers for unknown entity
[11:05:26] [Render thread/WARN] (Minecraft) Received passengers for unknown entity
[11:05:26] [Render thread/WARN] (Minecraft) Received passengers for unknown entity
[11:05:27] [Render thread/WARN] (Minecraft) Received passengers for unknown entity
[11:05:28] [Render thread/WARN] (Minecraft) Received passengers for unknown entity
[11:05:28] [Render thread/WARN] (Minecraft) Received passengers for unknown entity
[11:05:28] [Render thread/WARN] (Minecraft) Received passengers for unknown entity
[11:05:28] [Render thread/WARN] (Minecraft) Received passengers for unknown entity
[11:05:28] [Render thread/WARN] (Minecraft) Received passengers for unknown entity
[11:05:28] [Render thread/WARN] (Minecraft) Received passengers for unknown entity
[11:05:28] [Render thread/WARN] (Minecraft) Received passengers for unknown entity
[11:05:28] [Render thread/WARN] (Minecraft) Received passengers for unknown entity
[11:05:29] [Render thread/WARN] (Minecraft) Received passengers for unknown entity
[11:05:29] [Render thread/WARN] (Minecraft) Received passengers for unknown entity
[11:05:30] [Render thread/WARN] (Minecraft) Received passengers for unknown entity
[11:05:30] [Render thread/WARN] (Minecraft) Received passengers for unknown entity
[11:05:31] [Render thread/WARN] (Minecraft) Received passengers for unknown entity
[11:05:31] [Render thread/WARN] (Minecraft) Received passengers for unknown entity
[11:05:31] [Render thread/WARN] (Minecraft) Received passengers for unknown entity
[11:05:31] [Render thread/WARN] (Minecraft) Received passengers for unknown entity
[11:05:31] [Render thread/WARN] (Minecraft) Received passengers for unknown entity
[11:05:31] [Render thread/WARN] (Minecraft) Received passengers for unknown entity
[11:05:32] [Render thread/WARN] (Minecraft) Received passengers for unknown entity
[11:05:32] [Render thread/WARN] (Minecraft) Received passengers for unknown entity
[11:05:33] [Render thread/WARN] (Minecraft) Received passengers for unknown entity
[11:05:33] [Render thread/WARN] (Minecraft) Received passengers for unknown entity
[11:05:33] [Render thread/WARN] (Minecraft) Received passengers for unknown entity
[11:05:33] [Render thread/WARN] (Minecraft) Received passengers for unknown entity
[11:05:33] [Render thread/WARN] (Minecraft) Received passengers for unknown entity
[11:05:33] [Render thread/WARN] (Minecraft) Received passengers for unknown entity
[11:05:33] [Render thread/WARN] (Minecraft) Received passengers for unknown entity
[11:05:33] [Render thread/WARN] (Minecraft) Received passengers for unknown entity
[11:05:34] [Render thread/WARN] (Minecraft) Received passengers for unknown entity
[11:05:34] [Render thread/WARN] (Minecraft) Received passengers for unknown entity
[11:05:34] [Render thread/WARN] (Minecraft) Received passengers for unknown entity
[11:05:35] [Render thread/WARN] (Minecraft) Received passengers for unknown entity
[11:05:35] [Render thread/WARN] (Minecraft) Received passengers for unknown entity
[11:05:36] [Render thread/WARN] (Minecraft) Received passengers for unknown entity
[11:05:36] [Render thread/WARN] (Minecraft) Received passengers for unknown entity
[11:05:36] [Render thread/WARN] (Minecraft) Received passengers for unknown entity
[11:05:36] [Render thread/WARN] (Minecraft) Received passengers for unknown entity
[11:05:36] [Render thread/WARN] (Minecraft) Received passengers for unknown entity
[11:05:36] [Render thread/WARN] (Minecraft) Received passengers for unknown entity
[11:05:36] [Render thread/WARN] (Minecraft) Received passengers for unknown entity
[11:05:36] [Render thread/INFO] (Minecraft) [System] [CHAT] 󏿼󏿿󏿾 You need to use §can Axe§4 to gather from this resource!
[11:05:37] [Render thread/INFO] (Minecraft) [System] [CHAT] 󏿼󐀆 You need to use §can Axe§4 to gather from this resource!
[11:05:37] [Render thread/WARN] (Minecraft) Received passengers for unknown entity
[11:05:37] [Render thread/WARN] (Minecraft) Received passengers for unknown entity
[11:05:38] [Render thread/INFO] (Minecraft) [System] [CHAT] 󏿼󐀆 You need to use §can Axe§4 to gather from this resource!
[11:05:38] [Render thread/WARN] (Minecraft) Received passengers for unknown entity
[11:05:38] [Render thread/WARN] (Minecraft) Received passengers for unknown entity
[11:05:38] [Render thread/WARN] (Minecraft) Received passengers for unknown entity
[11:05:38] [Render thread/WARN] (Minecraft) Received passengers for unknown entity
[11:05:38] [Render thread/WARN] (Minecraft) Received passengers for unknown entity
[11:05:38] [Render thread/WARN] (Minecraft) Received passengers for unknown entity
[11:05:38] [Render thread/WARN] (Minecraft) Received passengers for unknown entity
[11:05:38] [Render thread/WARN] (Minecraft) Received passengers for unknown entity
[11:05:39] [Render thread/WARN] (Minecraft) Received passengers for unknown entity
[11:05:39] [Render thread/INFO] (Minecraft) [System] [CHAT] 󏿼󐀆 You need to use §can Axe§4 to gather from this resource!
[11:05:39] [Render thread/WARN] (Minecraft) Received passengers for unknown entity
[11:05:39] [Render thread/WARN] (Minecraft) Received passengers for unknown entity
[11:05:40] [Render thread/WARN] (Minecraft) Received passengers for unknown entity
[11:05:40] [Render thread/WARN] (Minecraft) Received passengers for unknown entity
[11:05:41] [Render thread/WARN] (Minecraft) Received passengers for unknown entity
[11:05:41] [Render thread/WARN] (Minecraft) Received passengers for unknown entity
[11:05:41] [Render thread/WARN] (Minecraft) Received passengers for unknown entity
[11:05:41] [Render thread/WARN] (Minecraft) Received passengers for unknown entity
[11:05:41] [Render thread/WARN] (Minecraft) Received passengers for unknown entity
[11:05:41] [Render thread/WARN] (Minecraft) Received passengers for unknown entity
[11:05:41] [Render thread/WARN] (Minecraft) Received passengers for unknown entity
[11:05:42] [Render thread/WARN] (Minecraft) Received passengers for unknown entity
[11:05:42] [Render thread/WARN] (Minecraft) Received passengers for unknown entity
[11:05:43] [Render thread/INFO] (Minecraft) [System] [CHAT] 󏿼󐀆 You need to use §can Axe§4 to gather from this resource!
[11:05:43] [Render thread/WARN] (Minecraft) Received passengers for unknown entity
[11:05:43] [Render thread/WARN] (Minecraft) Received passengers for unknown entity
[11:05:43] [Render thread/WARN] (Minecraft) Received passengers for unknown entity
[11:05:43] [Render thread/WARN] (Minecraft) Received passengers for unknown entity
[11:05:43] [Render thread/WARN] (Minecraft) Received passengers for unknown entity
[11:05:43] [Render thread/WARN] (Minecraft) Received passengers for unknown entity
[11:05:43] [Render thread/WARN] (Minecraft) Received passengers for unknown entity
[11:05:43] [Render thread/WARN] (Minecraft) Received passengers for unknown entity
[11:05:44] [Render thread/WARN] (Minecraft) Received passengers for unknown entity
[11:05:44] [Render thread/WARN] (Minecraft) Received passengers for unknown entity
[11:05:44] [Render thread/WARN] (Minecraft) Received passengers for unknown entity
[11:05:46] [Render thread/WARN] (Minecraft) Received passengers for unknown entity
[11:05:46] [Render thread/WARN] (Minecraft) Received passengers for unknown entity
[11:05:46] [Render thread/WARN] (Minecraft) Received passengers for unknown entity
[11:05:46] [Render thread/WARN] (Minecraft) Received passengers for unknown entity
[11:05:46] [Render thread/WARN] (Minecraft) Received passengers for unknown entity
[11:05:46] [Render thread/WARN] (Minecraft) Received passengers for unknown entity
[11:05:46] [Render thread/WARN] (Minecraft) Received passengers for unknown entity
[11:05:46] [Render thread/WARN] (Minecraft) Received passengers for unknown entity
[11:05:47] [Render thread/WARN] (Minecraft) Received passengers for unknown entity
[11:05:47] [Render thread/WARN] (Minecraft) Received passengers for unknown entity
[11:05:47] [Render thread/WARN] (Minecraft) Received passengers for unknown entity
[11:05:48] [Render thread/WARN] (Minecraft) Received passengers for unknown entity
[11:05:48] [Render thread/WARN] (Minecraft) Received passengers for unknown entity
[11:05:48] [Render thread/WARN] (Minecraft) Received passengers for unknown entity
[11:05:48] [Render thread/WARN] (Minecraft) Received passengers for unknown entity
[11:05:48] [Render thread/WARN] (Minecraft) Received passengers for unknown entity
[11:05:48] [Render thread/WARN] (Minecraft) Received passengers for unknown entity
[11:05:49] [Render thread/WARN] (Minecraft) Received passengers for unknown entity
[11:05:49] [Render thread/WARN] (Minecraft) Received passengers for unknown entity
[11:05:49] [Render thread/WARN] (Minecraft) Received passengers for unknown entity
[11:05:50] [Render thread/WARN] (Minecraft) Received passengers for unknown entity
[11:05:50] [Render thread/WARN] (Minecraft) Received passengers for unknown entity
[11:05:50] [Render thread/WARN] (Minecraft) Received passengers for unknown entity
[11:05:50] [Render thread/WARN] (Minecraft) Received passengers for unknown entity
[11:05:51] [Render thread/WARN] (Minecraft) Received passengers for unknown entity
[11:05:51] [Render thread/WARN] (Minecraft) Received passengers for unknown entity
[11:05:51] [Render thread/WARN] (Minecraft) Received passengers for unknown entity
[11:05:51] [Render thread/WARN] (Minecraft) Received passengers for unknown entity
[11:05:52] [Render thread/WARN] (Minecraft) Received passengers for unknown entity
[11:05:52] [Render thread/WARN] (Minecraft) Received passengers for unknown entity
[11:05:52] [Render thread/WARN] (Minecraft) Received passengers for unknown entity
[11:05:52] [Render thread/WARN] (Minecraft) Received passengers for unknown entity
[11:05:53] [Render thread/WARN] (Minecraft) Received passengers for unknown entity
[11:05:53] [Render thread/WARN] (Minecraft) Received passengers for unknown entity
[11:05:53] [Render thread/WARN] (Minecraft) Received passengers for unknown entity
[11:05:53] [Render thread/WARN] (Minecraft) Received passengers for unknown entity
[11:05:54] [Render thread/WARN] (Minecraft) Received passengers for unknown entity
[11:05:54] [Render thread/WARN] (Minecraft) Received passengers for unknown entity
[11:05:54] [Render thread/WARN] (Minecraft) Received packet for unknown team _NA21: team action: REMOVE, player action: null
[11:05:54] [Render thread/WARN] (Minecraft) Received passengers for unknown entity
[11:05:54] [Render thread/WARN] (Minecraft) Received passengers for unknown entity
[11:05:55] [Render thread/WARN] (Minecraft) Received passengers for unknown entity
[11:05:55] [Render thread/WARN] (Minecraft) Received passengers for unknown entity
[11:05:55] [Render thread/WARN] (Minecraft) Received passengers for unknown entity
[11:05:55] [Render thread/WARN] (Minecraft) Received passengers for unknown entity
[11:05:56] [Render thread/WARN] (Minecraft) Received passengers for unknown entity
[11:05:56] [Render thread/WARN] (Minecraft) Received passengers for unknown entity
[11:05:56] [Render thread/WARN] (Minecraft) Received passengers for unknown entity
[11:05:56] [Render thread/WARN] (Minecraft) Received passengers for unknown entity
[11:05:57] [Render thread/WARN] (Minecraft) Received passengers for unknown entity
[11:05:57] [Render thread/WARN] (Minecraft) Received passengers for unknown entity
[11:05:57] [Render thread/WARN] (Minecraft) Received passengers for unknown entity
[11:05:57] [Render thread/INFO] (Minecraft) [System] [CHAT] 󏿼󐀆 You need to use §can Axe§4 to gather from this resource!
[11:05:58] [Render thread/WARN] (Minecraft) Received passengers for unknown entity
[11:05:58] [Render thread/INFO] (Minecraft) [System] [CHAT] 󏿼󐀆 You need to use §can Axe§4 to gather from this resource!
[11:05:58] [Render thread/WARN] (Minecraft) Received passengers for unknown entity
[11:05:58] [Render thread/WARN] (Minecraft) Received passengers for unknown entity
[11:05:58] [Render thread/WARN] (Minecraft) Received passengers for unknown entity
[11:05:58] [Render thread/WARN] (Minecraft) Received passengers for unknown entity
[11:05:59] [Render thread/WARN] (Minecraft) Received passengers for unknown entity
[11:05:59] [Render thread/WARN] (Minecraft) Received passengers for unknown entity
[11:05:59] [Render thread/WARN] (Minecraft) Received passengers for unknown entity
[11:05:59] [Render thread/WARN] (Minecraft) Received passengers for unknown entity
[11:05:59] [Render thread/WARN] (Minecraft) Received passengers for unknown entity
[11:06:00] [Render thread/WARN] (Minecraft) Received passengers for unknown entity
[11:06:00] [Render thread/WARN] (Minecraft) Received passengers for unknown entity
[11:06:00] [Render thread/WARN] (Minecraft) Received passengers for unknown entity
[11:06:01] [Render thread/WARN] (Minecraft) Received passengers for unknown entity
[11:06:01] [Render thread/WARN] (Minecraft) Received passengers for unknown entity
[11:06:01] [Render thread/WARN] (Minecraft) Ignoring player info update for unknown player d730e3f1-4ec9-2007-9298-8ebb73af6055 ([UPDATE_DISPLAY_NAME])
[11:06:01] [Render thread/WARN] (Minecraft) Received passengers for unknown entity
[11:06:01] [Render thread/WARN] (Minecraft) Received passengers for unknown entity
[11:06:01] [Render thread/WARN] (Minecraft) Ignoring player info update for unknown player d730e3f1-4ec9-2007-9298-8ebb73af6055 ([UPDATE_DISPLAY_NAME])
[11:06:02] [Render thread/WARN] (Minecraft) Received passengers for unknown entity
[11:06:02] [Render thread/WARN] (Minecraft) Received passengers for unknown entity
[11:06:02] [Render thread/WARN] (Minecraft) Received passengers for unknown entity
[11:06:03] [Render thread/WARN] (Minecraft) Received passengers for unknown entity
[11:06:03] [Render thread/WARN] (Minecraft) Received passengers for unknown entity
[11:06:03] [Render thread/WARN] (Minecraft) Received passengers for unknown entity
[11:06:03] [Render thread/WARN] (Minecraft) Received passengers for unknown entity
[11:06:03] [Render thread/WARN] (Minecraft) Received passengers for unknown entity
[11:06:03] [Render thread/WARN] (Minecraft) Received passengers for unknown entity
[11:06:04] [Render thread/WARN] (Minecraft) Received passengers for unknown entity
[11:06:04] [Render thread/WARN] (Minecraft) Received passengers for unknown entity
[11:06:05] [Render thread/WARN] (Minecraft) Received passengers for unknown entity
[11:06:05] [Render thread/WARN] (Minecraft) Received passengers for unknown entity
[11:06:05] [Render thread/WARN] (Minecraft) Received passengers for unknown entity
[11:06:05] [Render thread/WARN] (Minecraft) Received passengers for unknown entity
[11:06:06] [Render thread/WARN] (Minecraft) Received passengers for unknown entity
[11:06:06] [Render thread/WARN] (Minecraft) Received passengers for unknown entity
[11:06:06] [Render thread/WARN] (Minecraft) Received passengers for unknown entity
[11:06:06] [Render thread/WARN] (Minecraft) Received passengers for unknown entity
[11:06:06] [Render thread/WARN] (Minecraft) Received passengers for unknown entity
[11:06:06] [Render thread/WARN] (Minecraft) Received passengers for unknown entity
[11:06:07] [Render thread/INFO] (Minecraft) [System] [CHAT] 󏿼󐀆 You need to use §can Axe§4 to gather from this resource!
[11:06:07] [Render thread/WARN] (Minecraft) Received passengers for unknown entity
[11:06:07] [Render thread/WARN] (Minecraft) Received passengers for unknown entity
[11:06:07] [Render thread/WARN] (Minecraft) Received passengers for unknown entity
[11:06:08] [Render thread/WARN] (Minecraft) Received passengers for unknown entity
[11:06:08] [Render thread/INFO] (Minecraft) [System] [CHAT] 󏿼󐀆 You need to use §can Axe§4 to gather from this resource!
[11:06:08] [Render thread/INFO] (Minecraft) [System] [CHAT] 󏿼󐀆 You need to use §can Axe§4 to gather from this resource!
[11:06:08] [Render thread/WARN] (Minecraft) Received passengers for unknown entity
[11:06:08] [Render thread/WARN] (Minecraft) Received passengers for unknown entity
[11:06:09] [Render thread/WARN] (Minecraft) Received passengers for unknown entity
[11:06:09] [Render thread/WARN] (Minecraft) Received passengers for unknown entity
[11:06:09] [Render thread/WARN] (Minecraft) Received passengers for unknown entity
[11:06:09] [Render thread/WARN] (Minecraft) Received passengers for unknown entity
[11:06:10] [Render thread/WARN] (Minecraft) Received passengers for unknown entity
[11:06:10] [Render thread/WARN] (Minecraft) Received passengers for unknown entity
[11:06:10] [Render thread/INFO] (Minecraft) [System] [CHAT] 󏿼󐀆 You need to use §can Axe§4 to gather from this resource!
[11:06:10] [Render thread/WARN] (Minecraft) Received passengers for unknown entity
[11:06:10] [Render thread/WARN] (Minecraft) Received passengers for unknown entity
[11:06:10] [Render thread/INFO] (Minecraft) [System] [CHAT] 󏿼󐀆 You need to use §can Axe§4 to gather from this resource!
[11:06:11] [Render thread/WARN] (Minecraft) Received passengers for unknown entity
[11:06:11] [Render thread/WARN] (Minecraft) Received passengers for unknown entity
[11:06:11] [Render thread/INFO] (Minecraft) [System] [CHAT] 󏿼󐀆 You need to use §can Axe§4 to gather from this resource!
[11:06:11] [Render thread/WARN] (Minecraft) Received passengers for unknown entity
[11:06:11] [Render thread/WARN] (Minecraft) Received passengers for unknown entity
[11:06:12] [Render thread/WARN] (Minecraft) Received passengers for unknown entity
[11:06:12] [Render thread/WARN] (Minecraft) Received passengers for unknown entity
[11:06:12] [Render thread/WARN] (Minecraft) Received passengers for unknown entity
[11:06:13] [Render thread/WARN] (Minecraft) Received passengers for unknown entity
[11:06:13] [Render thread/WARN] (Minecraft) Received passengers for unknown entity
[11:06:13] [Render thread/WARN] (Minecraft) Ignoring player info update for unknown player d730e3f1-4ec9-2007-9298-8ebb73af6055 ([UPDATE_DISPLAY_NAME])
[11:06:13] [Render thread/WARN] (Minecraft) Ignoring player info update for unknown player d730e3f1-4ec9-2007-9298-8ebb73af6055 ([UPDATE_DISPLAY_NAME])
[11:06:13] [Render thread/WARN] (Minecraft) Received passengers for unknown entity
[11:06:13] [Render thread/WARN] (Minecraft) Received passengers for unknown entity
[11:06:13] [Render thread/WARN] (Minecraft) Received passengers for unknown entity
[11:06:13] [Render thread/WARN] (Minecraft) Received passengers for unknown entity
[11:06:14] [Render thread/WARN] (Minecraft) Received passengers for unknown entity
[11:06:14] [Render thread/WARN] (Minecraft) Received passengers for unknown entity
[11:06:15] [Render thread/WARN] (Minecraft) Received passengers for unknown entity
[11:06:15] [Render thread/WARN] (Minecraft) Received passengers for unknown entity
[11:06:15] [Render thread/WARN] (Minecraft) Received passengers for unknown entity
[11:06:15] [Render thread/WARN] (Minecraft) Received passengers for unknown entity
[11:06:15] [Render thread/WARN] (Minecraft) Received passengers for unknown entity
[11:06:15] [Render thread/WARN] (Minecraft) Received passengers for unknown entity
[11:06:15] [Render thread/WARN] (Minecraft) Received passengers for unknown entity
[11:06:16] [Render thread/WARN] (Minecraft) Received passengers for unknown entity
[11:06:16] [Render thread/WARN] (Minecraft) Received passengers for unknown entity
[11:06:16] [Render thread/WARN] (Minecraft) Received passengers for unknown entity
[11:06:16] [Render thread/WARN] (Minecraft) Received passengers for unknown entity
[11:06:17] [Render thread/INFO] (Minecraft) [System] [CHAT] 󏿼󐀆 You need to use §can Axe§4 to gather from this resource!
[11:06:17] [Render thread/WARN] (Minecraft) Received passengers for unknown entity
[11:06:17] [Render thread/WARN] (Minecraft) Received passengers for unknown entity
[11:06:18] [Render thread/WARN] (Minecraft) Received passengers for unknown entity
[11:06:18] [Render thread/WARN] (Minecraft) Received passengers for unknown entity
[11:06:18] [Render thread/WARN] (Minecraft) Received passengers for unknown entity
[11:06:18] [Render thread/WARN] (Minecraft) Received passengers for unknown entity
[11:06:18] [Render thread/WARN] (Minecraft) Received passengers for unknown entity
[11:06:18] [Render thread/WARN] (Minecraft) Received passengers for unknown entity
[11:06:18] [Render thread/WARN] (Minecraft) Received passengers for unknown entity
[11:06:19] [Render thread/WARN] (Minecraft) Received passengers for unknown entity
[11:06:19] [Render thread/WARN] (Minecraft) Received passengers for unknown entity
[11:06:20] [Render thread/WARN] (Minecraft) Received passengers for unknown entity
[11:06:20] [Render thread/WARN] (Minecraft) Received passengers for unknown entity
[11:06:20] [Render thread/WARN] (Minecraft) Received passengers for unknown entity
[11:06:20] [Render thread/WARN] (Minecraft) Received passengers for unknown entity
[11:06:20] [Render thread/WARN] (Minecraft) Received passengers for unknown entity
[11:06:20] [Render thread/WARN] (Minecraft) Received passengers for unknown entity
[11:06:20] [Render thread/WARN] (Minecraft) Received passengers for unknown entity
[11:06:20] [Render thread/INFO] (Minecraft) [System] [CHAT] ESDE4THL0V3R has given you 20% resistance.
[11:06:21] [Render thread/WARN] (Minecraft) Received passengers for unknown entity
[11:06:21] [Render thread/WARN] (Minecraft) Received passengers for unknown entity
[11:06:21] [Render thread/WARN] (Minecraft) Received passengers for unknown entity
[11:06:21] [Render thread/WARN] (Minecraft) Received passengers for unknown entity
[11:06:22] [Render thread/WARN] (Minecraft) Received passengers for unknown entity
[11:06:22] [Render thread/WARN] (Minecraft) Received passengers for unknown entity
[11:06:23] [Render thread/WARN] (Minecraft) Received passengers for unknown entity
[11:06:23] [Render thread/WARN] (Minecraft) Received passengers for unknown entity
[11:06:23] [Render thread/WARN] (Minecraft) Received passengers for unknown entity
[11:06:23] [Render thread/WARN] (Minecraft) Received passengers for unknown entity
[11:06:23] [Render thread/WARN] (Minecraft) Received passengers for unknown entity
[11:06:23] [Render thread/WARN] (Minecraft) Ignoring player info update for unknown player d730e3f1-4ec9-2007-9298-8ebb73af6055 ([UPDATE_DISPLAY_NAME])
[11:06:24] [Render thread/WARN] (Minecraft) Received passengers for unknown entity
[11:06:24] [Render thread/WARN] (Minecraft) Received passengers for unknown entity
[11:06:24] [Render thread/WARN] (Minecraft) Received passengers for unknown entity
[11:06:24] [Render thread/WARN] (Minecraft) Received passengers for unknown entity
[11:06:25] [Render thread/WARN] (Minecraft) Received passengers for unknown entity
[11:06:25] [Render thread/WARN] (Minecraft) Received passengers for unknown entity
[11:06:25] [Render thread/WARN] (Minecraft) Received passengers for unknown entity
[11:06:25] [Render thread/WARN] (Minecraft) Received passengers for unknown entity
[11:06:26] [Render thread/WARN] (Minecraft) Received passengers for unknown entity
[11:06:26] [Render thread/WARN] (Minecraft) Received passengers for unknown entity
[11:06:26] [Render thread/WARN] (Minecraft) Received passengers for unknown entity
[11:06:26] [Render thread/WARN] (Minecraft) Received passengers for unknown entity
[11:06:26] [Render thread/WARN] (Minecraft) Received passengers for unknown entity
[11:06:26] [Render thread/WARN] (Minecraft) Received passengers for unknown entity
[11:06:27] [Render thread/INFO] (Minecraft) [System] [CHAT] 󏿼󏿿󏿾 You need to use §can Axe§4 to gather from this resource!
[11:06:27] [Render thread/INFO] (Minecraft) [System] [CHAT] 󏿼󐀆 You need to use §can Axe§4 to gather from this resource!
[11:06:27] [Render thread/WARN] (Minecraft) Received passengers for unknown entity
[11:06:27] [Render thread/WARN] (Minecraft) Received passengers for unknown entity
[11:06:28] [Render thread/WARN] (Minecraft) Received passengers for unknown entity
[11:06:28] [Render thread/INFO] (Minecraft) [System] [CHAT] 󏿼󐀆 You need to use §can Axe§4 to gather from this resource!
[11:06:28] [Render thread/WARN] (Minecraft) Received passengers for unknown entity
[11:06:28] [Render thread/WARN] (Minecraft) Received passengers for unknown entity
[11:06:28] [Render thread/WARN] (Minecraft) Received passengers for unknown entity
[11:06:29] [Render thread/WARN] (Minecraft) Received passengers for unknown entity
[11:06:29] [Render thread/WARN] (Minecraft) Received passengers for unknown entity
[11:06:29] [Render thread/WARN] (Minecraft) Received passengers for unknown entity
[11:06:29] [Render thread/WARN] (Minecraft) Received passengers for unknown entity
[11:06:30] [Render thread/WARN] (Minecraft) Received passengers for unknown entity
[11:06:30] [Render thread/WARN] (Minecraft) Received passengers for unknown entity
[11:06:30] [Render thread/WARN] (Minecraft) Received passengers for unknown entity
[11:06:30] [Render thread/WARN] (Minecraft) Received passengers for unknown entity
[11:06:31] [Render thread/WARN] (Minecraft) Received passengers for unknown entity
[11:06:31] [Render thread/WARN] (Minecraft) Received passengers for unknown entity
[11:06:31] [Render thread/WARN] (Minecraft) Received passengers for unknown entity
[11:06:31] [Render thread/WARN] (Minecraft) Received passengers for unknown entity
[11:06:31] [Render thread/WARN] (Minecraft) Received passengers for unknown entity
[11:06:31] [Render thread/WARN] (Minecraft) Received passengers for unknown entity
[11:06:32] [Render thread/INFO] (Minecraft) [System] [CHAT] 󏿼󐀆 You need to use §can Axe§4 to gather from this resource!
[11:06:32] [Render thread/WARN] (Minecraft) Received packet for unknown team _AS3: team action: REMOVE, player action: null
[11:06:32] [Render thread/INFO] (Minecraft) [System] [CHAT] 󏿼󐀆 You need to use §can Axe§4 to gather from this resource!
[11:06:32] [Render thread/INFO] (Minecraft) [System] [CHAT] 󏿼󐀆 You need to use §can Axe§4 to gather from this resource!
[11:06:32] [Render thread/INFO] (Minecraft) [System] [CHAT] 󏿼󐀆 You need to use §can Axe§4 to gather from this resource!
[11:06:32] [Render thread/WARN] (Minecraft) Received passengers for unknown entity
[11:06:32] [Render thread/WARN] (Minecraft) Received passengers for unknown entity
[11:06:33] [Render thread/INFO] (Minecraft) [System] [CHAT] 󏿼󐀆 You need to use §can Axe§4 to gather from this resource!
[11:06:33] [Render thread/WARN] (Minecraft) Received passengers for unknown entity
[11:06:33] [Render thread/WARN] (Minecraft) Received passengers for unknown entity
[11:06:34] [Render thread/WARN] (Minecraft) Received passengers for unknown entity
[11:06:34] [Render thread/WARN] (Minecraft) Received passengers for unknown entity
[11:06:34] [Render thread/WARN] (Minecraft) Received passengers for unknown entity
[11:06:34] [Render thread/WARN] (Minecraft) Received passengers for unknown entity
[11:06:34] [Render thread/WARN] (Minecraft) Received passengers for unknown entity
[11:06:34] [Render thread/WARN] (Minecraft) Received passengers for unknown entity
[11:06:35] [Render thread/INFO] (Minecraft) [System] [CHAT] 󏿼󐀆 You need to use §can Axe§4 to gather from this resource!
[11:06:35] [Render thread/WARN] (Minecraft) Received passengers for unknown entity
[11:06:35] [Render thread/WARN] (Minecraft) Received passengers for unknown entity
[11:06:35] [Render thread/INFO] (Minecraft) [System] [CHAT] 󏿼󐀆 You need to use §can Axe§4 to gather from this resource!
[11:06:35] [Render thread/WARN] (Minecraft) Received passengers for unknown entity
[11:06:36] [Render thread/WARN] (Minecraft) Received passengers for unknown entity
[11:06:36] [Render thread/INFO] (Minecraft) [System] [CHAT] 󏿼󐀆 You need to use §can Axe§4 to gather from this resource!
[11:06:36] [Render thread/WARN] (Minecraft) Received passengers for unknown entity
[11:06:36] [Render thread/WARN] (Minecraft) Received passengers for unknown entity
[11:06:36] [Render thread/WARN] (Minecraft) Received passengers for unknown entity
[11:06:36] [Render thread/WARN] (Minecraft) Received passengers for unknown entity
[11:06:37] [Render thread/WARN] (Minecraft) Received passengers for unknown entity
[11:06:37] [Render thread/WARN] (Minecraft) Received passengers for unknown entity
[11:06:37] [Render thread/INFO] (Minecraft) [System] [CHAT] 󏿼󐀆 You need to use §can Axe§4 to gather from this resource!
[11:06:38] [Render thread/INFO] (Minecraft) [System] [CHAT] 󏿼󐀆 You need to use §can Axe§4 to gather from this resource!
[11:06:38] [Render thread/WARN] (Minecraft) Received passengers for unknown entity
[11:06:38] [Render thread/WARN] (Minecraft) Received passengers for unknown entity
[11:06:38] [Render thread/WARN] (Minecraft) Received passengers for unknown entity
[11:06:38] [Render thread/WARN] (Minecraft) Received passengers for unknown entity
[11:06:39] [Render thread/WARN] (Minecraft) Received passengers for unknown entity
[11:06:39] [Render thread/WARN] (Minecraft) Received passengers for unknown entity
[11:06:39] [Render thread/WARN] (Minecraft) Received passengers for unknown entity
[11:06:39] [Render thread/WARN] (Minecraft) Received passengers for unknown entity
[11:06:39] [Render thread/WARN] (Minecraft) Received passengers for unknown entity
[11:06:39] [Render thread/WARN] (Minecraft) Received passengers for unknown entity
[11:06:40] [Render thread/WARN] (Minecraft) Ignoring player info update for unknown player d730e3f1-4ec9-2007-9298-8ebb73af6055 ([UPDATE_DISPLAY_NAME])
[11:06:40] [Render thread/WARN] (Minecraft) Received passengers for unknown entity
[11:06:40] [Render thread/WARN] (Minecraft) Received passengers for unknown entity
[11:06:40] [Render thread/WARN] (Minecraft) Received passengers for unknown entity
[11:06:41] [Render thread/WARN] (Minecraft) Received passengers for unknown entity
[11:06:41] [Render thread/WARN] (Minecraft) Received passengers for unknown entity
[11:06:41] [Render thread/WARN] (Minecraft) Received passengers for unknown entity
[11:06:42] [Render thread/WARN] (Minecraft) Received passengers for unknown entity
[11:06:42] [Render thread/WARN] (Minecraft) Received passengers for unknown entity
[11:06:42] [Render thread/WARN] (Minecraft) Received passengers for unknown entity
[11:06:42] [Render thread/WARN] (Minecraft) Received passengers for unknown entity
[11:06:43] [Render thread/WARN] (Minecraft) Received passengers for unknown entity
[11:06:43] [Render thread/WARN] (Minecraft) Received passengers for unknown entity
[11:06:43] [Render thread/WARN] (Minecraft) Received passengers for unknown entity
[11:06:44] [Render thread/WARN] (Minecraft) Received passengers for unknown entity
[11:06:44] [Render thread/WARN] (Minecraft) Received passengers for unknown entity
[11:06:44] [Render thread/WARN] (Minecraft) Received passengers for unknown entity
[11:06:44] [Render thread/WARN] (Minecraft) Received passengers for unknown entity
[11:06:44] [Render thread/WARN] (Minecraft) Received passengers for unknown entity
[11:06:44] [Render thread/WARN] (Minecraft) Received passengers for unknown entity
[11:06:45] [Render thread/WARN] (Minecraft) Received passengers for unknown entity
[11:06:45] [Render thread/WARN] (Minecraft) Received passengers for unknown entity
[11:06:45] [Render thread/WARN] (Minecraft) Received passengers for unknown entity
[11:06:45] [Render thread/WARN] (Minecraft) Received passengers for unknown entity
[11:06:45] [Render thread/WARN] (Minecraft) Received passengers for unknown entity
[11:06:45] [Render thread/WARN] (Minecraft) Received passengers for unknown entity
[11:06:46] [Render thread/WARN] (Minecraft) Ignoring player info update for unknown player d730e3f1-4ec9-2007-9298-8ebb73af6055 ([UPDATE_DISPLAY_NAME])
[11:06:46] [Render thread/WARN] (Minecraft) Received passengers for unknown entity
[11:06:46] [Render thread/INFO] (Minecraft) [System] [CHAT] §8[§7⬤§8] §7Shield§8 has been refreshed!
[11:06:46] [Render thread/WARN] (Minecraft) Received passengers for unknown entity
[11:06:46] [Render thread/WARN] (Minecraft) Received passengers for unknown entity
[11:06:46] [Render thread/WARN] (Minecraft) Received passengers for unknown entity
[11:06:46] [Render thread/WARN] (Minecraft) Received passengers for unknown entity
[11:06:46] [Render thread/WARN] (Minecraft) Received passengers for unknown entity
[11:06:46] [Render thread/WARN] (Minecraft) Received passengers for unknown entity
[11:06:46] [Render thread/WARN] (Minecraft) Received passengers for unknown entity
[11:06:47] [Render thread/WARN] (Minecraft) Received passengers for unknown entity
[11:06:47] [Render thread/WARN] (Minecraft) Received passengers for unknown entity
[11:06:47] [Render thread/WARN] (Minecraft) Received passengers for unknown entity
[11:06:47] [Render thread/WARN] (Minecraft) Received passengers for unknown entity
[11:06:47] [Render thread/WARN] (Minecraft) Received passengers for unknown entity
[11:06:47] [Render thread/WARN] (Minecraft) Received passengers for unknown entity
[11:06:47] [Render thread/WARN] (Minecraft) Received passengers for unknown entity
[11:06:48] [Render thread/WARN] (Minecraft) Received passengers for unknown entity
[11:06:48] [Render thread/WARN] (Minecraft) Received passengers for unknown entity
[11:06:48] [Render thread/WARN] (Minecraft) Received passengers for unknown entity
[11:06:48] [Render thread/WARN] (Minecraft) Received passengers for unknown entity
[11:06:49] [Render thread/WARN] (Minecraft) Received passengers for unknown entity
[11:06:49] [Render thread/WARN] (Minecraft) Received passengers for unknown entity
[11:06:49] [Render thread/WARN] (Minecraft) Received passengers for unknown entity
[11:06:49] [Render thread/WARN] (Minecraft) Received passengers for unknown entity
[11:06:49] [Render thread/WARN] (Minecraft) Received passengers for unknown entity
[11:06:49] [Render thread/WARN] (Minecraft) Received passengers for unknown entity
[11:06:49] [Render thread/WARN] (Minecraft) Received passengers for unknown entity
[11:06:50] [Render thread/WARN] (Minecraft) Received passengers for unknown entity
[11:06:50] [Render thread/WARN] (Minecraft) Received passengers for unknown entity
[11:06:50] [Render thread/WARN] (Minecraft) Received passengers for unknown entity
[11:06:50] [Render thread/WARN] (Minecraft) Received packet for unknown team _EU1: team action: REMOVE, player action: null
[11:06:50] [Render thread/WARN] (Minecraft) Received packet for unknown team _EU18: team action: REMOVE, player action: null
[11:06:50] [Render thread/WARN] (Minecraft) Received packet for unknown team _NA10: team action: REMOVE, player action: null
[11:06:50] [Render thread/WARN] (Minecraft) Received passengers for unknown entity
[11:06:50] [Render thread/WARN] (Minecraft) Received passengers for unknown entity
[11:06:50] [Render thread/WARN] (Minecraft) Received passengers for unknown entity
[11:06:50] [Render thread/WARN] (Minecraft) Received passengers for unknown entity
[11:06:50] [Render thread/WARN] (Minecraft) Received passengers for unknown entity
[11:06:50] [Render thread/WARN] (Minecraft) Received passengers for unknown entity
[11:06:50] [Render thread/WARN] (Minecraft) Received passengers for unknown entity
[11:06:50] [Render thread/WARN] (Minecraft) Received passengers for unknown entity
[11:06:50] [Render thread/WARN] (Minecraft) Received passengers for unknown entity
[11:06:50] [Render thread/WARN] (Minecraft) Received passengers for unknown entity
[11:06:50] [Render thread/WARN] (Minecraft) Received passengers for unknown entity
[11:06:50] [Render thread/WARN] (Minecraft) Received passengers for unknown entity
[11:06:50] [Render thread/WARN] (Minecraft) Received passengers for unknown entity
[11:06:50] [Render thread/WARN] (Minecraft) Received passengers for unknown entity
[11:06:50] [Render thread/WARN] (Minecraft) Received passengers for unknown entity
[11:06:50] [Render thread/INFO] (Minecraft) [System] [CHAT] §7[You are now entering Detlas]
[11:06:51] [Render thread/WARN] (Minecraft) Received packet for unknown team _AS2: team action: REMOVE, player action: null
[11:06:51] [Render thread/WARN] (Minecraft) Received passengers for unknown entity
[11:06:51] [Render thread/WARN] (Minecraft) Received passengers for unknown entity
[11:06:52] [Render thread/WARN] (Minecraft) Received passengers for unknown entity
[11:06:52] [Render thread/WARN] (Minecraft) Received passengers for unknown entity
[11:06:52] [Render thread/WARN] (Minecraft) Received passengers for unknown entity
[11:06:53] [Render thread/WARN] (Minecraft) Received passengers for unknown entity
[11:06:53] [Render thread/WARN] (Minecraft) Received passengers for unknown entity
[11:06:54] [Render thread/WARN] (Minecraft) Received passengers for unknown entity
[11:06:54] [Render thread/WARN] (Minecraft) Received passengers for unknown entity
[11:06:54] [Render thread/WARN] (Minecraft) Received passengers for unknown entity
[11:06:55] [Render thread/WARN] (Minecraft) Received passengers for unknown entity
[11:06:55] [Render thread/WARN] (Minecraft) Received passengers for unknown entity
[11:06:55] [Render thread/WARN] (Minecraft) Received passengers for unknown entity
[11:06:56] [Render thread/INFO] (Minecraft) [System] [CHAT] §7[You are now leaving Detlas]
[11:06:56] [Render thread/WARN] (Minecraft) Received passengers for unknown entity
[11:06:57] [Render thread/WARN] (Minecraft) Received passengers for unknown entity
[11:06:58] [Render thread/WARN] (Minecraft) Received packet for unknown team _EU21: team action: REMOVE, player action: null
[11:06:59] [Render thread/WARN] (Minecraft) Received passengers for unknown entity
[11:06:59] [Render thread/WARN] (Minecraft) Received passengers for unknown entity
[11:06:59] [Render thread/WARN] (Minecraft) Received passengers for unknown entity
[11:07:00] [Render thread/INFO] (Minecraft) [System] [CHAT] 󏿼󏿿󏿾 The Necromantic Site World Event starts \n󏿼󐀆 in 2m 59s! (337 blocks away) Click to \n󏿼󐀆 track
[11:07:00] [Render thread/WARN] (Minecraft) Unable to play unknown soundEvent: minecraft:
[11:07:01] [Render thread/WARN] (Minecraft) Received passengers for unknown entity
[11:07:01] [Render thread/INFO] (Minecraft) [System] [CHAT] Saved screenshot as 2025-04-13_11.07.01.png
[11:07:06] [Render thread/WARN] (Minecraft) Ignoring player info update for unknown player d730e3f1-4ec9-2007-9298-8ebb73af6055 ([UPDATE_DISPLAY_NAME])
[11:07:08] [Render thread/WARN] (Minecraft) Received passengers for unknown entity
[11:07:14] [Render thread/WARN] (Minecraft) Received passengers for unknown entity
[11:07:14] [Render thread/WARN] (Minecraft) Received passengers for unknown entity
[11:07:14] [Render thread/WARN] (Minecraft) Received passengers for unknown entity
[11:07:14] [Render thread/WARN] (Minecraft) Ignoring player info update for unknown player d730e3f1-4ec9-2007-9298-8ebb73af6055 ([UPDATE_DISPLAY_NAME])
[11:07:15] [Render thread/WARN] (Minecraft) Received passengers for unknown entity
[11:07:16] [Render thread/WARN] (Minecraft) Duplicate entity UUID 7c773664-b6b7-4216-aa37-8e37113c4b56: HorseEntity['Horse'/1648511267, l='ClientLevel', x=462.37, y=67.00, z=-1568.30]
[11:07:16] [Render thread/WARN] (Minecraft) Received passengers for unknown entity
[11:07:19] [Render thread/INFO] (Minecraft) [System] [CHAT] ESDE4THL0V3R has given you 20% resistance.
[11:07:20] [Render thread/WARN] (Minecraft) Received passengers for unknown entity
[11:07:29] [Render thread/INFO] (Minecraft) Reloading ResourceManager: vanilla, fabric, authme, cloth-config, fabric-api, fabric-api-base, fabric-api-lookup-api-v1, fabric-biome-api-v1, fabric-block-api-v1, fabric-block-view-api-v2, fabric-blockrenderlayer-v1, fabric-client-tags-api-v1, fabric-command-api-v1, fabric-command-api-v2, fabric-commands-v0, fabric-content-registries-v0, fabric-convention-tags-v1, fabric-convention-tags-v2, fabric-crash-report-info-v1, fabric-data-attachment-api-v1, fabric-data-generation-api-v1, fabric-dimensions-v1, fabric-entity-events-v1, fabric-events-interaction-v0, fabric-game-rule-api-v1, fabric-gametest-api-v1, fabric-item-api-v1, fabric-item-group-api-v1, fabric-key-binding-api-v1, fabric-keybindings-v0, fabric-lifecycle-events-v1, fabric-loot-api-v2, fabric-loot-api-v3, fabric-message-api-v1, fabric-model-loading-api-v1, fabric-networking-api-v1, fabric-object-builder-api-v1, fabric-particles-v1, fabric-recipe-api-v1, fabric-registry-sync-v0, fabric-renderer-api-v1, fabric-renderer-indigo, fabric-renderer-registries-v1, fabric-rendering-data-attachment-v1, fabric-rendering-fluids-v1, fabric-rendering-v0, fabric-rendering-v1, fabric-resource-conditions-api-v1, fabric-resource-loader-v0, fabric-screen-api-v1, fabric-screen-handler-api-v1, fabric-sound-api-v1, fabric-transfer-api-v1, fabric-transitive-access-wideners-v1, fabricloader, modmenu
[11:07:29] [Worker-Main-1/INFO] (Minecraft) Found unifont_all_no_pua-15.1.05.hex, loading
[11:07:29] [Render thread/INFO] (AuthMe) Adding auth button to the multiplayer screen
[11:07:29] [ForkJoinPool.commonPool-worker-2/INFO] (AuthMe) Verifying Minecraft session...
[11:07:29] [Worker-Main-4/INFO] (Minecraft) Found unifont_jp_patch-15.1.05.hex, loading
[11:07:30] [ForkJoinPool.commonPool-worker-2/INFO] (AuthMe) The Minecraft session is valid
[11:07:32] [Render thread/WARN] (Minecraft) Missing sound for event: minecraft:item.goat_horn.play
[11:07:32] [Render thread/WARN] (Minecraft) Missing sound for event: minecraft:entity.goat.screaming.horn_break
[11:07:32] [Render thread/INFO] (Minecraft) OpenAL initialized on device OpenAL Soft on Speakers (PRO X)
[11:07:32] [Render thread/INFO] (Minecraft) Sound engine started
[11:07:32] [Render thread/INFO] (Minecraft) Created: 4096x4096x4 minecraft:textures/atlas/blocks.png-atlas
[11:07:32] [Render thread/INFO] (Minecraft) Created: 256x256x4 minecraft:textures/atlas/signs.png-atlas
[11:07:32] [Render thread/INFO] (Minecraft) Created: 512x512x4 minecraft:textures/atlas/shield_patterns.png-atlas
[11:07:32] [Render thread/INFO] (Minecraft) Created: 512x512x4 minecraft:textures/atlas/banner_patterns.png-atlas
[11:07:32] [Render thread/INFO] (Minecraft) Created: 1024x1024x4 minecraft:textures/atlas/armor_trims.png-atlas
[11:07:32] [Render thread/INFO] (Minecraft) Created: 128x64x4 minecraft:textures/atlas/decorated_pot.png-atlas
[11:07:32] [Render thread/INFO] (Minecraft) Created: 256x256x4 minecraft:textures/atlas/chest.png-atlas
[11:07:32] [Render thread/INFO] (Minecraft) Created: 512x256x4 minecraft:textures/atlas/beds.png-atlas
[11:07:32] [Render thread/INFO] (Minecraft) Created: 512x256x4 minecraft:textures/atlas/shulker_boxes.png-atlas
[11:07:32] [Render thread/INFO] (Minecraft) Created: 512x256x0 minecraft:textures/atlas/particles.png-atlas
[11:07:32] [Render thread/INFO] (Minecraft) Created: 512x512x0 minecraft:textures/atlas/paintings.png-atlas
[11:07:32] [Render thread/INFO] (Minecraft) Created: 256x128x0 minecraft:textures/atlas/mob_effects.png-atlas
[11:07:32] [Render thread/INFO] (Minecraft) Created: 64x64x0 minecraft:textures/atlas/map_decorations.png-atlas
[11:07:32] [Render thread/INFO] (Minecraft) Created: 1024x512x0 minecraft:textures/atlas/gui.png-atlas
[11:07:32] [Render thread/WARN] (Minecraft) Shader rendertype_entity_translucent_emissive could not find sampler named Sampler2 in the specified shader program.
